#
# A fatal error has been detected by the Java Runtime Environment:
#
#  SIGSEGV (0xb) at pc=0x00007fc251cf3428, pid=4908, tid=140472353281792
#
# JRE version: OpenJDK Runtime Environment (7.0_111-b01) (build 1.7.0_111-b01)
# Java VM: OpenJDK 64-Bit Server VM (24.111-b01 mixed mode linux-amd64 compressed oops)
# Derivative: IcedTea 2.6.7
# Distribution: Ubuntu 14.04 LTS, package 7u111-2.6.7-0ubuntu0.14.04.3
# Problematic frame:
# V  [libjvm.so+0x656428]
#
# Failed to write core dump. Core dumps have been disabled. To enable core dumping, try "ulimit -c unlimited" before starting Java again
#
# If you would like to submit a bug report, please include
# instructions on how to reproduce the bug and visit:
#   http://icedtea.classpath.org/bugzilla
#

---------------  T H R E A D  ---------------

Current thread (0x00007fc24c0b3800):  JavaThread "JDWP Transport Listener: dt_socket" daemon [_thread_in_vm, id=4923, stack(0x00007fc244a7d000,0x00007fc244b7e000)]

siginfo:si_signo=SIGSEGV: si_errno=0, si_code=128 (), si_addr=0x0000000000000000

Registers:
RAX=0xfefefefefefefefe, RBX=0x00007fc24c003960, RCX=0x00007fc2528e6320, RDX=0x0000000000000001
RSP=0x00007fc244b7c9b0, RBP=0x00007fc244b7c9c0, RSI=0x00007fc24c0b3800, RDI=0x6564616f4c737361
R8 =0x0000000000000000, R9 =0x00007fc22c003f50, R10=0x00007fc245d674d1, R11=0x00007fc252c67360
R12=0x00007fc244b7ca97, R13=0x6564616f4c737361, R14=0x00007fc24c0b3800, R15=0x00007fc244b7c9e0
RIP=0x00007fc251cf3428, EFLAGS=0x0000000000010202, CSGSFS=0x0000000000000033, ERR=0x0000000000000000
  TRAPNO=0x000000000000000d

Top of Stack: (sp=0x00007fc244b7c9b0)
0x00007fc244b7c9b0:   00007fc244b7ca97 00007fc24c003960
0x00007fc244b7c9c0:   00007fc244b7ca30 00007fc251ce87f8
0x00007fc244b7c9d0:   00007fc252494048 00007fc251d31fd6
0x00007fc244b7c9e0:   00007fc24c0b3800 0000000000000000
0x00007fc244b7c9f0:   00007fc200000000 0000000000000000
0x00007fc244b7ca00:   00007fc244b7cb80 00007fc244b7ca97
0x00007fc244b7ca10:   00007fc250834f00 6564616f4c737361
0x00007fc244b7ca20:   00007fc244b7ca97 00007fc244b7ca9c
0x00007fc244b7ca30:   00007fc244b7ca60 00007fc250620ab9
0x00007fc244b7ca40:   00007fc244b7ca60 0000000000000003
0x00007fc244b7ca50:   00007fc244b7cb80 6564616f4c737361
0x00007fc244b7ca60:   00007fc244b7caf0 00007fc2506015f8
0x00007fc244b7ca70:   00007fc244b7cab0 00007fc244b7cab0
0x00007fc244b7ca80:   00007fc244b7cab8 00000001506064d9
0x00007fc244b7ca90:   00007fc244b7cb50 0000000100000004
0x00007fc244b7caa0:   00007fc22c003b20 0000000000000000
0x00007fc244b7cab0:   0000000000000000 0000000000000000
0x00007fc244b7cac0:   00007fc244b7cb50 00000000000f0200
0x00007fc244b7cad0:   00007fc244b7cb50 0000000000000002
0x00007fc244b7cae0:   00007fc244b7cb80 00007fc250834f00
0x00007fc244b7caf0:   00007fc244b7cd40 00007fc25060b698
0x00007fc244b7cb00:   000002ff00000013 00007fc22c0f0200
0x00007fc244b7cb10:   00007fc224000ba0 00007fc251c9c09c
0x00007fc244b7cb20:   00007fc24c0b5fb0 00007fc22400080f
0x00007fc244b7cb30:   000002ff00000013 00007fc22c0f0200
0x00007fc244b7cb40:   00007fc224000ba0 00007fc25061fe51
0x00007fc244b7cb50:   00007fc224000ba8 000000000000000b
0x00007fc244b7cb60:   000002ff00000013 00007fc22c0f0200
0x00007fc244b7cb70:   00007fc224000ba0 00007fc22c003170
0x00007fc244b7cb80:   00007fc244b7cc5c 00000000000000a0
0x00007fc244b7cb90:   00007fc244b7cb98 00007fc20000008c
0x00007fc244b7cba0:   00007fc244b7cbd0 0000000000000000 

Instructions: (pc=0x00007fc251cf3428)
0x00007fc251cf3408:   0f 1f 84 00 00 00 00 00 48 85 ff 74 7b 55 48 b8
0x00007fc251cf3418:   fe fe fe fe fe fe fe fe 48 89 e5 53 48 83 ec 08
0x00007fc251cf3428:   48 8b 1f 48 39 c3 74 38 48 85 db 74 33 48 8d 05
0x00007fc251cf3438:   88 b3 79 00 80 38 00 75 37 48 8b 53 08 48 8b 42 

Register to memory mapping:

RAX=0xfefefefefefefefe is an unknown value
RBX=0x00007fc24c003960 is an unknown value
RCX=0x00007fc2528e6320: <offset 0x219320> in /lib/x86_64-linux-gnu/libpthread.so.0 at 0x00007fc2526cd000
RDX=0x0000000000000001 is an unknown value
RSP=0x00007fc244b7c9b0 is pointing into the stack for thread: 0x00007fc24c0b3800
RBP=0x00007fc244b7c9c0 is pointing into the stack for thread: 0x00007fc24c0b3800
RSI=0x00007fc24c0b3800 is a thread
RDI=0x6564616f4c737361 is an unknown value
R8 =0x0000000000000000 is an unknown value
R9 =0x00007fc22c003f50 is an unknown value
R10=0x00007fc245d674d1 is an unknown value
R11=0x00007fc252c67360: <offset 0x178360> in /lib/x86_64-linux-gnu/libc.so.6 at 0x00007fc252aef000
R12=0x00007fc244b7ca97 is pointing into the stack for thread: 0x00007fc24c0b3800
R13=0x6564616f4c737361 is an unknown value
R14=0x00007fc24c0b3800 is a thread
R15=0x00007fc244b7c9e0 is pointing into the stack for thread: 0x00007fc24c0b3800


Stack: [0x00007fc244a7d000,0x00007fc244b7e000],  sp=0x00007fc244b7c9b0,  free space=1022k
Native frames: (J=compiled Java code, j=interpreted, Vv=VM code, C=native code)
V  [libjvm.so+0x656428]
V  [libjvm.so+0x64b7f8]
C  [libjdwp.so+0x26ab9]
C  [libjdwp.so+0x75f8]
C  [libjdwp.so+0x11698]
C  [libjdwp.so+0x23795]
V  [libjvm.so+0x6b3d5b]
V  [libjvm.so+0x90d5f0]
V  [libjvm.so+0x90d880]
V  [libjvm.so+0x7d0852]


---------------  P R O C E S S  ---------------

Java Threads: ( => current thread )
  0x00007fc24c0bf000 JavaThread "Service Thread" daemon [_thread_blocked, id=4931, stack(0x00007fc244578000,0x00007fc244679000)]
  0x00007fc24c0bc800 JavaThread "C2 CompilerThread1" daemon [_thread_blocked, id=4930, stack(0x00007fc244679000,0x00007fc24477a000)]
  0x00007fc24c0b9800 JavaThread "C2 CompilerThread0" daemon [_thread_blocked, id=4929, stack(0x00007fc24477a000,0x00007fc24487b000)]
  0x00007fc22c001000 JavaThread "JDWP Command Reader" daemon [_thread_in_native, id=4925, stack(0x00007fc24487b000,0x00007fc24497c000)]
  0x00007fc24c0b7800 JavaThread "JDWP Event Helper Thread" daemon [_thread_blocked, id=4924, stack(0x00007fc24497c000,0x00007fc244a7d000)]
=>0x00007fc24c0b3800 JavaThread "JDWP Transport Listener: dt_socket" daemon [_thread_in_vm, id=4923, stack(0x00007fc244a7d000,0x00007fc244b7e000)]
  0x00007fc24c0a7000 JavaThread "Signal Dispatcher" daemon [_thread_blocked, id=4921, stack(0x00007fc244d83000,0x00007fc244e84000)]
  0x00007fc24c07b000 JavaThread "Finalizer" daemon [_thread_blocked, id=4920, stack(0x00007fc244e84000,0x00007fc244f85000)]
  0x00007fc24c079000 JavaThread "Reference Handler" daemon [_thread_blocked, id=4919, stack(0x00007fc244f85000,0x00007fc245086000)]
  0x00007fc24c00d800 JavaThread "main" [_thread_in_native, id=4910, stack(0x00007fc2531c0000,0x00007fc2532c1000)]

Other Threads:
  0x00007fc24c074800 VMThread [stack: 0x00007fc245086000,0x00007fc245187000] [id=4918]
  0x00007fc24c0c9800 WatcherThread [stack: 0x00007fc244477000,0x00007fc244578000] [id=4932]

VM state:not at safepoint (normal execution)

VM Mutex/Monitor currently owned by a thread: None

Heap
 PSYoungGen      total 14336K, used 983K [0x00000000f0500000, 0x00000000f1500000, 0x0000000100000000)
  eden space 12288K, 8% used [0x00000000f0500000,0x00000000f05f5ce0,0x00000000f1100000)
  from space 2048K, 0% used [0x00000000f1300000,0x00000000f1300000,0x00000000f1500000)
  to   space 2048K, 0% used [0x00000000f1100000,0x00000000f1100000,0x00000000f1300000)
 ParOldGen       total 31744K, used 0K [0x00000000d1000000, 0x00000000d2f00000, 0x00000000f0500000)
  object space 31744K, 0% used [0x00000000d1000000,0x00000000d1000000,0x00000000d2f00000)
 PSPermGen       total 21504K, used 3692K [0x00000000c6a00000, 0x00000000c7f00000, 0x00000000d1000000)
  object space 21504K, 17% used [0x00000000c6a00000,0x00000000c6d9b220,0x00000000c7f00000)

Card table byte_map: [0x00007fc250020000,0x00007fc2501ec000] byte_map_base: 0x00007fc24f9eb000

Polling page: 0x00007fc2532e1000

Code Cache  [0x00007fc247fb3000, 0x00007fc248223000, 0x00007fc24afb3000)
 total_blobs=173 nmethods=0 adapters=150 free_code_cache=48769Kb largest_free_block=49939392

Compilation events (0 events):
No events

GC Heap History (0 events):
No events

Deoptimization events (0 events):
No events

Internal exceptions (10 events):
Event: 0,709 Thread 0x00007fc24c00d800 Threw 0x00000000f054b350 at /build/openjdk-7-ueNuwK/openjdk-7-7u111-2.6.7/build/openjdk/hotspot/src/share/vm/prims/jvm.cpp:1322
Event: 0,709 Thread 0x00007fc24c00d800 Threw 0x00000000f054b478 at /build/openjdk-7-ueNuwK/openjdk-7-7u111-2.6.7/build/openjdk/hotspot/src/share/vm/prims/jvm.cpp:1322
Event: 0,709 Thread 0x00007fc24c00d800 Threw 0x00000000f054b6c8 at /build/openjdk-7-ueNuwK/openjdk-7-7u111-2.6.7/build/openjdk/hotspot/src/share/vm/prims/jvm.cpp:1322
Event: 0,732 Thread 0x00007fc24c00d800 Threw 0x00000000f05504a8 at /build/openjdk-7-ueNuwK/openjdk-7-7u111-2.6.7/build/openjdk/hotspot/src/share/vm/prims/jvm.cpp:1322
Event: 0,781 Thread 0x00007fc24c00d800 Threw 0x00000000f0573af0 at /build/openjdk-7-ueNuwK/openjdk-7-7u111-2.6.7/build/openjdk/hotspot/src/share/vm/prims/jvm.cpp:1322
Event: 0,781 Thread 0x00007fc24c00d800 Threw 0x00000000f0573c18 at /build/openjdk-7-ueNuwK/openjdk-7-7u111-2.6.7/build/openjdk/hotspot/src/share/vm/prims/jvm.cpp:1322
Event: 0,782 Thread 0x00007fc24c00d800 Threw 0x00000000f05761c8 at /build/openjdk-7-ueNuwK/openjdk-7-7u111-2.6.7/build/openjdk/hotspot/src/share/vm/prims/jvm.cpp:1322
Event: 0,782 Thread 0x00007fc24c00d800 Threw 0x00000000f05762f0 at /build/openjdk-7-ueNuwK/openjdk-7-7u111-2.6.7/build/openjdk/hotspot/src/share/vm/prims/jvm.cpp:1322
Event: 0,782 Thread 0x00007fc24c00d800 Threw 0x00000000f0576bf0 at /build/openjdk-7-ueNuwK/openjdk-7-7u111-2.6.7/build/openjdk/hotspot/src/share/vm/prims/jvm.cpp:1322
Event: 0,782 Thread 0x00007fc24c00d800 Threw 0x00000000f0576d18 at /build/openjdk-7-ueNuwK/openjdk-7-7u111-2.6.7/build/openjdk/hotspot/src/share/vm/prims/jvm.cpp:1322

Events (10 events):
Event: 254,167 Executing VM operation: RedefineClasses
Event: 254,168 Executing VM operation: RedefineClasses done
Event: 254,226 Executing VM operation: ChangeBreakpoints
Event: 254,226 Executing VM operation: ChangeBreakpoints done
Event: 424,677 Executing VM operation: RedefineClasses
Event: 424,677 Executing VM operation: RedefineClasses done
Event: 424,684 Executing VM operation: ChangeBreakpoints
Event: 424,684 Executing VM operation: ChangeBreakpoints done
Event: 1451,856 Executing VM operation: RedefineClasses
Event: 1451,856 Executing VM operation: RedefineClasses done


Dynamic libraries:
00400000-00401000 r-xp 00000000 08:02 1592002                            /usr/lib/jvm/java-7-openjdk-amd64/jre/bin/java
00600000-00601000 r--p 00000000 08:02 1592002                            /usr/lib/jvm/java-7-openjdk-amd64/jre/bin/java
00601000-00602000 rw-p 00001000 08:02 1592002                            /usr/lib/jvm/java-7-openjdk-amd64/jre/bin/java
0111e000-0113f000 rw-p 00000000 00:00 0                                  [heap]
c6a00000-c7f00000 rw-p 00000000 00:00 0 
c7f00000-d1000000 rw-p 00000000 00:00 0 
d1000000-d2f00000 rw-p 00000000 00:00 0 
d2f00000-f0500000 rw-p 00000000 00:00 0 
f0500000-f1500000 rw-p 00000000 00:00 0 
f1500000-100000000 rw-p 00000000 00:00 0 
7fc210000000-7fc210021000 rw-p 00000000 00:00 0 
7fc210021000-7fc214000000 ---p 00000000 00:00 0 
7fc214000000-7fc214021000 rw-p 00000000 00:00 0 
7fc214021000-7fc218000000 ---p 00000000 00:00 0 
7fc218000000-7fc218021000 rw-p 00000000 00:00 0 
7fc218021000-7fc21c000000 ---p 00000000 00:00 0 
7fc21c000000-7fc21c021000 rw-p 00000000 00:00 0 
7fc21c021000-7fc220000000 ---p 00000000 00:00 0 
7fc220000000-7fc220021000 rw-p 00000000 00:00 0 
7fc220021000-7fc224000000 ---p 00000000 00:00 0 
7fc224000000-7fc224021000 rw-p 00000000 00:00 0 
7fc224021000-7fc228000000 ---p 00000000 00:00 0 
7fc228000000-7fc228021000 rw-p 00000000 00:00 0 
7fc228021000-7fc22c000000 ---p 00000000 00:00 0 
7fc22c000000-7fc22c021000 rw-p 00000000 00:00 0 
7fc22c021000-7fc230000000 ---p 00000000 00:00 0 
7fc230000000-7fc230021000 rw-p 00000000 00:00 0 
7fc230021000-7fc234000000 ---p 00000000 00:00 0 
7fc234000000-7fc234021000 rw-p 00000000 00:00 0 
7fc234021000-7fc238000000 ---p 00000000 00:00 0 
7fc238000000-7fc238021000 rw-p 00000000 00:00 0 
7fc238021000-7fc23c000000 ---p 00000000 00:00 0 
7fc23c000000-7fc23c021000 rw-p 00000000 00:00 0 
7fc23c021000-7fc240000000 ---p 00000000 00:00 0 
7fc240000000-7fc240021000 rw-p 00000000 00:00 0 
7fc240021000-7fc244000000 ---p 00000000 00:00 0 
7fc244477000-7fc244478000 ---p 00000000 00:00 0 
7fc244478000-7fc244578000 rw-p 00000000 00:00 0                          [stack:4932]
7fc244578000-7fc24457b000 ---p 00000000 00:00 0 
7fc24457b000-7fc244679000 rw-p 00000000 00:00 0                          [stack:4931]
7fc244679000-7fc24467c000 ---p 00000000 00:00 0 
7fc24467c000-7fc24477a000 rw-p 00000000 00:00 0                          [stack:4930]
7fc24477a000-7fc24477d000 ---p 00000000 00:00 0 
7fc24477d000-7fc24487b000 rw-p 00000000 00:00 0                          [stack:4929]
7fc24487b000-7fc24487e000 ---p 00000000 00:00 0 
7fc24487e000-7fc24497c000 rw-p 00000000 00:00 0                          [stack:4925]
7fc24497c000-7fc24497f000 ---p 00000000 00:00 0 
7fc24497f000-7fc244a7d000 rw-p 00000000 00:00 0                          [stack:4924]
7fc244a7d000-7fc244a80000 ---p 00000000 00:00 0 
7fc244a80000-7fc244b7e000 rw-p 00000000 00:00 0                          [stack:4923]
7fc244b7e000-7fc244b82000 r-xp 00000000 08:02 1848241                    /usr/lib/jvm/java-7-openjdk-amd64/jre/lib/amd64/libdt_socket.so
7fc244b82000-7fc244d81000 ---p 00004000 08:02 1848241                    /usr/lib/jvm/java-7-openjdk-amd64/jre/lib/amd64/libdt_socket.so
7fc244d81000-7fc244d82000 r--p 00003000 08:02 1848241                    /usr/lib/jvm/java-7-openjdk-amd64/jre/lib/amd64/libdt_socket.so
7fc244d82000-7fc244d83000 rw-p 00004000 08:02 1848241                    /usr/lib/jvm/java-7-openjdk-amd64/jre/lib/amd64/libdt_socket.so
7fc244d83000-7fc244d86000 ---p 00000000 00:00 0 
7fc244d86000-7fc244e84000 rw-p 00000000 00:00 0                          [stack:4921]
7fc244e84000-7fc244e87000 ---p 00000000 00:00 0 
7fc244e87000-7fc244f85000 rw-p 00000000 00:00 0                          [stack:4920]
7fc244f85000-7fc244f88000 ---p 00000000 00:00 0 
7fc244f88000-7fc245086000 rw-p 00000000 00:00 0                          [stack:4919]
7fc245086000-7fc245087000 ---p 00000000 00:00 0 
7fc245087000-7fc245b3c000 rw-p 00000000 00:00 0                          [stack:4918]
7fc245b3c000-7fc245cef000 r--s 01d3d000 08:02 1710224                    /usr/lib/jvm/java-7-openjdk-amd64/jre/lib/rt.jar
7fc245cef000-7fc247c63000 rw-p 00000000 00:00 0 
7fc247c63000-7fc247c64000 ---p 00000000 00:00 0 
7fc247c64000-7fc247d64000 rw-p 00000000 00:00 0                          [stack:4916]
7fc247d64000-7fc247d65000 ---p 00000000 00:00 0 
7fc247d65000-7fc247e70000 rw-p 00000000 00:00 0                          [stack:4915]
7fc247e70000-7fc247eb8000 rw-p 00000000 00:00 0 
7fc247eb8000-7fc247ec8000 rw-p 00000000 00:00 0 
7fc247ec8000-7fc247fb3000 rw-p 00000000 00:00 0 
7fc247fb3000-7fc248223000 rwxp 00000000 00:00 0 
7fc248223000-7fc24afb3000 rw-p 00000000 00:00 0 
7fc24afb3000-7fc24afbb000 r-xp 00000000 08:02 1848273                    /usr/lib/jvm/java-7-openjdk-amd64/jre/lib/amd64/libzip.so
7fc24afbb000-7fc24b1ba000 ---p 00008000 08:02 1848273                    /usr/lib/jvm/java-7-openjdk-amd64/jre/lib/amd64/libzip.so
7fc24b1ba000-7fc24b1bb000 r--p 00007000 08:02 1848273                    /usr/lib/jvm/java-7-openjdk-amd64/jre/lib/amd64/libzip.so
7fc24b1bb000-7fc24b1bc000 rw-p 00008000 08:02 1848273                    /usr/lib/jvm/java-7-openjdk-amd64/jre/lib/amd64/libzip.so
7fc24b1bc000-7fc24b1c6000 r-xp 00000000 08:02 264459                     /lib/x86_64-linux-gnu/libnss_files-2.19.so
7fc24b1c6000-7fc24b3c5000 ---p 0000a000 08:02 264459                     /lib/x86_64-linux-gnu/libnss_files-2.19.so
7fc24b3c5000-7fc24b3c6000 r--p 00009000 08:02 264459                     /lib/x86_64-linux-gnu/libnss_files-2.19.so
7fc24b3c6000-7fc24b3c7000 rw-p 0000a000 08:02 264459                     /lib/x86_64-linux-gnu/libnss_files-2.19.so
7fc24b3c7000-7fc24b3d2000 r-xp 00000000 08:02 264451                     /lib/x86_64-linux-gnu/libnss_nis-2.19.so
7fc24b3d2000-7fc24b5d1000 ---p 0000b000 08:02 264451                     /lib/x86_64-linux-gnu/libnss_nis-2.19.so
7fc24b5d1000-7fc24b5d2000 r--p 0000a000 08:02 264451                     /lib/x86_64-linux-gnu/libnss_nis-2.19.so
7fc24b5d2000-7fc24b5d3000 rw-p 0000b000 08:02 264451                     /lib/x86_64-linux-gnu/libnss_nis-2.19.so
7fc24b5d3000-7fc24b5ea000 r-xp 00000000 08:02 264447                     /lib/x86_64-linux-gnu/libnsl-2.19.so
7fc24b5ea000-7fc24b7e9000 ---p 00017000 08:02 264447                     /lib/x86_64-linux-gnu/libnsl-2.19.so
7fc24b7e9000-7fc24b7ea000 r--p 00016000 08:02 264447                     /lib/x86_64-linux-gnu/libnsl-2.19.so
7fc24b7ea000-7fc24b7eb000 rw-p 00017000 08:02 264447                     /lib/x86_64-linux-gnu/libnsl-2.19.so
7fc24b7eb000-7fc24b7ed000 rw-p 00000000 00:00 0 
7fc24b7ed000-7fc24c000000 r--p 00000000 08:02 529688                     /usr/lib/locale/locale-archive
7fc24c000000-7fc24c157000 rw-p 00000000 00:00 0 
7fc24c157000-7fc250000000 ---p 00000000 00:00 0 
7fc250020000-7fc25002b000 rw-p 00000000 00:00 0 
7fc25002b000-7fc250073000 rw-p 00000000 00:00 0 
7fc250073000-7fc250083000 rw-p 00000000 00:00 0 
7fc250083000-7fc25016d000 rw-p 00000000 00:00 0 
7fc25016d000-7fc250176000 rw-p 00000000 00:00 0 
7fc250176000-7fc2501eb000 rw-p 00000000 00:00 0 
7fc2501eb000-7fc2501ec000 rw-p 00000000 00:00 0 
7fc2501ec000-7fc2501f5000 r-xp 00000000 08:02 264446                     /lib/x86_64-linux-gnu/libnss_compat-2.19.so
7fc2501f5000-7fc2503f4000 ---p 00009000 08:02 264446                     /lib/x86_64-linux-gnu/libnss_compat-2.19.so
7fc2503f4000-7fc2503f5000 r--p 00008000 08:02 264446                     /lib/x86_64-linux-gnu/libnss_compat-2.19.so
7fc2503f5000-7fc2503f6000 rw-p 00009000 08:02 264446                     /lib/x86_64-linux-gnu/libnss_compat-2.19.so
7fc2503f6000-7fc2503f8000 r-xp 00000000 08:02 1848244                    /usr/lib/jvm/java-7-openjdk-amd64/jre/lib/amd64/libnpt.so
7fc2503f8000-7fc2505f8000 ---p 00002000 08:02 1848244                    /usr/lib/jvm/java-7-openjdk-amd64/jre/lib/amd64/libnpt.so
7fc2505f8000-7fc2505f9000 r--p 00002000 08:02 1848244                    /usr/lib/jvm/java-7-openjdk-amd64/jre/lib/amd64/libnpt.so
7fc2505f9000-7fc2505fa000 rw-p 00003000 08:02 1848244                    /usr/lib/jvm/java-7-openjdk-amd64/jre/lib/amd64/libnpt.so
7fc2505fa000-7fc250634000 r-xp 00000000 08:02 1848266                    /usr/lib/jvm/java-7-openjdk-amd64/jre/lib/amd64/libjdwp.so
7fc250634000-7fc250833000 ---p 0003a000 08:02 1848266                    /usr/lib/jvm/java-7-openjdk-amd64/jre/lib/amd64/libjdwp.so
7fc250833000-7fc250834000 r--p 00039000 08:02 1848266                    /usr/lib/jvm/java-7-openjdk-amd64/jre/lib/amd64/libjdwp.so
7fc250834000-7fc250835000 rw-p 0003a000 08:02 1848266                    /usr/lib/jvm/java-7-openjdk-amd64/jre/lib/amd64/libjdwp.so
7fc250835000-7fc250860000 r-xp 00000000 08:02 1848242                    /usr/lib/jvm/java-7-openjdk-amd64/jre/lib/amd64/libjava.so
7fc250860000-7fc250a60000 ---p 0002b000 08:02 1848242                    /usr/lib/jvm/java-7-openjdk-amd64/jre/lib/amd64/libjava.so
7fc250a60000-7fc250a61000 r--p 0002b000 08:02 1848242                    /usr/lib/jvm/java-7-openjdk-amd64/jre/lib/amd64/libjava.so
7fc250a61000-7fc250a63000 rw-p 0002c000 08:02 1848242                    /usr/lib/jvm/java-7-openjdk-amd64/jre/lib/amd64/libjava.so
7fc250a63000-7fc250a73000 r-xp 00000000 08:02 1848240                    /usr/lib/jvm/java-7-openjdk-amd64/jre/lib/amd64/libverify.so
7fc250a73000-7fc250c72000 ---p 00010000 08:02 1848240                    /usr/lib/jvm/java-7-openjdk-amd64/jre/lib/amd64/libverify.so
7fc250c72000-7fc250c74000 r--p 0000f000 08:02 1848240                    /usr/lib/jvm/java-7-openjdk-amd64/jre/lib/amd64/libverify.so
7fc250c74000-7fc250c75000 rw-p 00011000 08:02 1848240                    /usr/lib/jvm/java-7-openjdk-amd64/jre/lib/amd64/libverify.so
7fc250c75000-7fc250c7c000 r-xp 00000000 08:02 264455                     /lib/x86_64-linux-gnu/librt-2.19.so
7fc250c7c000-7fc250e7b000 ---p 00007000 08:02 264455                     /lib/x86_64-linux-gnu/librt-2.19.so
7fc250e7b000-7fc250e7c000 r--p 00006000 08:02 264455                     /lib/x86_64-linux-gnu/librt-2.19.so
7fc250e7c000-7fc250e7d000 rw-p 00007000 08:02 264455                     /lib/x86_64-linux-gnu/librt-2.19.so
7fc250e7d000-7fc250e93000 r-xp 00000000 08:02 262246                     /lib/x86_64-linux-gnu/libgcc_s.so.1
7fc250e93000-7fc251092000 ---p 00016000 08:02 262246                     /lib/x86_64-linux-gnu/libgcc_s.so.1
7fc251092000-7fc251093000 rw-p 00015000 08:02 262246                     /lib/x86_64-linux-gnu/libgcc_s.so.1
7fc251093000-7fc251198000 r-xp 00000000 08:02 264441                     /lib/x86_64-linux-gnu/libm-2.19.so
7fc251198000-7fc251397000 ---p 00105000 08:02 264441                     /lib/x86_64-linux-gnu/libm-2.19.so
7fc251397000-7fc251398000 r--p 00104000 08:02 264441                     /lib/x86_64-linux-gnu/libm-2.19.so
7fc251398000-7fc251399000 rw-p 00105000 08:02 264441                     /lib/x86_64-linux-gnu/libm-2.19.so
7fc251399000-7fc25147f000 r-xp 00000000 08:02 527027                     /usr/lib/x86_64-linux-gnu/libstdc++.so.6.0.19
7fc25147f000-7fc25167e000 ---p 000e6000 08:02 527027                     /usr/lib/x86_64-linux-gnu/libstdc++.so.6.0.19
7fc25167e000-7fc251686000 r--p 000e5000 08:02 527027                     /usr/lib/x86_64-linux-gnu/libstdc++.so.6.0.19
7fc251686000-7fc251688000 rw-p 000ed000 08:02 527027                     /usr/lib/x86_64-linux-gnu/libstdc++.so.6.0.19
7fc251688000-7fc25169d000 rw-p 00000000 00:00 0 
7fc25169d000-7fc2521c8000 r-xp 00000000 08:02 1848247                    /usr/lib/jvm/java-7-openjdk-amd64/jre/lib/amd64/server/libjvm.so
7fc2521c8000-7fc2523c8000 ---p 00b2b000 08:02 1848247                    /usr/lib/jvm/java-7-openjdk-amd64/jre/lib/amd64/server/libjvm.so
7fc2523c8000-7fc252462000 r--p 00b2b000 08:02 1848247                    /usr/lib/jvm/java-7-openjdk-amd64/jre/lib/amd64/server/libjvm.so
7fc252462000-7fc252485000 rw-p 00bc5000 08:02 1848247                    /usr/lib/jvm/java-7-openjdk-amd64/jre/lib/amd64/server/libjvm.so
7fc252485000-7fc2524b4000 rw-p 00000000 00:00 0 
7fc2524b4000-7fc2524cc000 r-xp 00000000 08:02 266416                     /lib/x86_64-linux-gnu/libz.so.1.2.8
7fc2524cc000-7fc2526cb000 ---p 00018000 08:02 266416                     /lib/x86_64-linux-gnu/libz.so.1.2.8
7fc2526cb000-7fc2526cc000 r--p 00017000 08:02 266416                     /lib/x86_64-linux-gnu/libz.so.1.2.8
7fc2526cc000-7fc2526cd000 rw-p 00018000 08:02 266416                     /lib/x86_64-linux-gnu/libz.so.1.2.8
7fc2526cd000-7fc2526e6000 r-xp 00000000 08:02 264448                     /lib/x86_64-linux-gnu/libpthread-2.19.so
7fc2526e6000-7fc2528e5000 ---p 00019000 08:02 264448                     /lib/x86_64-linux-gnu/libpthread-2.19.so
7fc2528e5000-7fc2528e6000 r--p 00018000 08:02 264448                     /lib/x86_64-linux-gnu/libpthread-2.19.so
7fc2528e6000-7fc2528e7000 rw-p 00019000 08:02 264448                     /lib/x86_64-linux-gnu/libpthread-2.19.so
7fc2528e7000-7fc2528eb000 rw-p 00000000 00:00 0 
7fc2528eb000-7fc2528ee000 r-xp 00000000 08:02 264443                     /lib/x86_64-linux-gnu/libdl-2.19.so
7fc2528ee000-7fc252aed000 ---p 00003000 08:02 264443                     /lib/x86_64-linux-gnu/libdl-2.19.so
7fc252aed000-7fc252aee000 r--p 00002000 08:02 264443                     /lib/x86_64-linux-gnu/libdl-2.19.so
7fc252aee000-7fc252aef000 rw-p 00003000 08:02 264443                     /lib/x86_64-linux-gnu/libdl-2.19.so
7fc252aef000-7fc252ca9000 r-xp 00000000 08:02 264456                     /lib/x86_64-linux-gnu/libc-2.19.so
7fc252ca9000-7fc252ea9000 ---p 001ba000 08:02 264456                     /lib/x86_64-linux-gnu/libc-2.19.so
7fc252ea9000-7fc252ead000 r--p 001ba000 08:02 264456                     /lib/x86_64-linux-gnu/libc-2.19.so
7fc252ead000-7fc252eaf000 rw-p 001be000 08:02 264456                     /lib/x86_64-linux-gnu/libc-2.19.so
7fc252eaf000-7fc252eb4000 rw-p 00000000 00:00 0 
7fc252eb4000-7fc252ec1000 r-xp 00000000 08:02 1979419                    /usr/lib/jvm/java-7-openjdk-amd64/jre/lib/amd64/jli/libjli.so
7fc252ec1000-7fc2530c0000 ---p 0000d000 08:02 1979419                    /usr/lib/jvm/java-7-openjdk-amd64/jre/lib/amd64/jli/libjli.so
7fc2530c0000-7fc2530c1000 r--p 0000c000 08:02 1979419                    /usr/lib/jvm/java-7-openjdk-amd64/jre/lib/amd64/jli/libjli.so
7fc2530c1000-7fc2530c2000 rw-p 0000d000 08:02 1979419                    /usr/lib/jvm/java-7-openjdk-amd64/jre/lib/amd64/jli/libjli.so
7fc2530c2000-7fc2530e5000 r-xp 00000000 08:02 264449                     /lib/x86_64-linux-gnu/ld-2.19.so
7fc2530eb000-7fc2530ed000 rw-p 00000000 00:00 0 
7fc2530ed000-7fc2530f1000 r--s 00034000 08:02 2109936                    /usr/lib/jvm/java-7-openjdk-amd64/jre/lib/ext/sunjce_provider.jar
7fc2530f1000-7fc2530f4000 r--s 0003d000 08:02 2109933                    /usr/lib/jvm/java-7-openjdk-amd64/jre/lib/ext/sunpkcs11.jar
7fc2530f4000-7fc2530f8000 r--s 00085000 08:02 2109935                    /usr/lib/jvm/java-7-openjdk-amd64/jre/lib/ext/localedata.jar
7fc2530f8000-7fc2530fa000 r--s 00006000 08:02 935232                     /usr/share/java/java-atk-wrapper.jar
7fc2530fa000-7fc2530fb000 r--s 00002000 08:02 2109937                    /usr/lib/jvm/java-7-openjdk-amd64/jre/lib/ext/dnsns.jar
7fc2530fb000-7fc2530fd000 r--s 00012000 08:02 2109938                    /usr/lib/jvm/java-7-openjdk-amd64/jre/lib/ext/zipfs.jar
7fc2530fd000-7fc253100000 r--s 0000f000 08:02 2109934                    /usr/lib/jvm/java-7-openjdk-amd64/jre/lib/ext/icedtea-sound.jar
7fc253100000-7fc25310a000 rw-p 00000000 00:00 0 
7fc25310a000-7fc2531c0000 rw-p 00000000 00:00 0 
7fc2531c0000-7fc2531c3000 ---p 00000000 00:00 0 
7fc2531c3000-7fc2532d8000 rw-p 00000000 00:00 0                          [stack:4910]
7fc2532d8000-7fc2532e0000 rw-s 00000000 08:02 2767517                    /tmp/hsperfdata_kuba/4908
7fc2532e0000-7fc2532e1000 rw-p 00000000 00:00 0 
7fc2532e1000-7fc2532e2000 r--p 00000000 00:00 0 
7fc2532e2000-7fc2532e4000 rw-p 00000000 00:00 0 
7fc2532e4000-7fc2532e5000 r--p 00022000 08:02 264449                     /lib/x86_64-linux-gnu/ld-2.19.so
7fc2532e5000-7fc2532e6000 rw-p 00023000 08:02 264449                     /lib/x86_64-linux-gnu/ld-2.19.so
7fc2532e6000-7fc2532e7000 rw-p 00000000 00:00 0 
7fff28f5a000-7fff28f7b000 rw-p 00000000 00:00 0                          [stack]
7fff28fdb000-7fff28fdd000 r-xp 00000000 00:00 0                          [vdso]
ffffffffff600000-ffffffffff601000 r-xp 00000000 00:00 0                  [vsyscall]

VM Arguments:
jvm_args: -agentlib:jdwp=transport=dt_socket,suspend=y,address=localhost:53421 -Dfile.encoding=UTF-8 
java_command: Zadanie1
Launcher Type: SUN_STANDARD

Environment Variables:
PATH=/usr/local/sbin:/usr/local/bin:/usr/sbin:/usr/bin:/sbin:/bin:/usr/games:/usr/local/games
SHELL=/bin/bash
DISPLAY=:0

Signal Handlers:
SIGSEGV: [libjvm.so+0x95b080], sa_mask[0]=0x7ffbfeff, sa_flags=0x10000004
SIGBUS: [libjvm.so+0x95b080], sa_mask[0]=0x7ffbfeff, sa_flags=0x10000004
SIGFPE: [libjvm.so+0x7cf020], sa_mask[0]=0x7ffbfeff, sa_flags=0x10000004
SIGPIPE: [libjvm.so+0x7cf020], sa_mask[0]=0x7ffbfeff, sa_flags=0x10000004
SIGXFSZ: [libjvm.so+0x7cf020], sa_mask[0]=0x7ffbfeff, sa_flags=0x10000004
SIGILL: [libjvm.so+0x7cf020], sa_mask[0]=0x7ffbfeff, sa_flags=0x10000004
SIGUSR1: SIG_DFL, sa_mask[0]=0x00000000, sa_flags=0x00000000
SIGUSR2: [libjvm.so+0x7cf150], sa_mask[0]=0x00000004, sa_flags=0x10000004
SIGHUP: [libjvm.so+0x7cf0a0], sa_mask[0]=0x7ffbfeff, sa_flags=0x10000004
SIGINT: [libjvm.so+0x7cf0a0], sa_mask[0]=0x7ffbfeff, sa_flags=0x10000004
SIGTERM: [libjvm.so+0x7cf0a0], sa_mask[0]=0x7ffbfeff, sa_flags=0x10000004
SIGQUIT: [libjvm.so+0x7cf0a0], sa_mask[0]=0x7ffbfeff, sa_flags=0x10000004
SIGTRAP: SIG_DFL, sa_mask[0]=0x00000000, sa_flags=0x00000000


---------------  S Y S T E M  ---------------

OS:Ubuntu 14.04 (trusty)
uname:Linux 3.13.0-100-generic #147-Ubuntu SMP Tue Oct 18 16:48:51 UTC 2016 x86_64
libc:glibc 2.19 NPTL 2.19 
rlimit: STACK 8192k, CORE 0k, NPROC 23857, NOFILE 4096, AS infinity
load average:3,02 3,18 2,96

/proc/meminfo:
MemTotal:        3075296 kB
MemFree:           93184 kB
Buffers:           46124 kB
Cached:           624436 kB
SwapCached:            0 kB
Active:          2327264 kB
Inactive:         457944 kB
Active(anon):    2053400 kB
Inactive(anon):    83364 kB
Active(file):     273864 kB
Inactive(file):   374580 kB
Unevictable:          48 kB
Mlocked:              48 kB
SwapTotal:       2097148 kB
SwapFree:        2097148 kB
Dirty:               212 kB
Writeback:             0 kB
AnonPages:       2114736 kB
Mapped:           206528 kB
Shmem:             22120 kB
Slab:              79000 kB
SReclaimable:      40328 kB
SUnreclaim:        38672 kB
KernelStack:        7800 kB
PageTables:        40752 kB
NFS_Unstable:          0 kB
Bounce:                0 kB
WritebackTmp:          0 kB
CommitLimit:     3634796 kB
Committed_AS:    7047620 kB
VmallocTotal:   34359738367 kB
VmallocUsed:      167928 kB
VmallocChunk:   34359528588 kB
HardwareCorrupted:     0 kB
AnonHugePages:   1067008 kB
HugePages_Total:       0
HugePages_Free:        0
HugePages_Rsvd:        0
HugePages_Surp:        0
Hugepagesize:       2048 kB
DirectMap4k:       51072 kB
DirectMap2M:     3094528 kB


CPU:total 2 (2 cores per cpu, 1 threads per core) family 6 model 58 stepping 9, cmov, cx8, fxsr, mmx, sse, sse2, sse3, ssse3, sse4.1, sse4.2, popcnt, avx, erms, tsc, tscinvbit, tscinv

/proc/cpuinfo:
processor	: 0
vendor_id	: GenuineIntel
cpu family	: 6
model		: 58
model name	: Intel(R) Core(TM) i7-3630QM CPU @ 2.40GHz
stepping	: 9
microcode	: 0x1b
cpu MHz		: 2394.573
cache size	: 6144 KB
physical id	: 0
siblings	: 2
core id		: 0
cpu cores	: 2
apicid		: 0
initial apicid	: 0
fpu		: yes
fpu_exception	: yes
cpuid level	: 13
wp		: yes
flags		: fpu vme de pse tsc msr pae mce cx8 apic sep mtrr pge mca cmov pat pse36 clflush dts mmx fxsr sse sse2 ss ht syscall nx rdtscp lm constant_tsc arch_perfmon pebs bts nopl xtopology tsc_reliable nonstop_tsc aperfmperf eagerfpu pni pclmulqdq ssse3 cx16 pcid sse4_1 sse4_2 x2apic popcnt xsave avx f16c rdrand hypervisor lahf_lm ida arat epb xsaveopt pln pts dtherm fsgsbase smep
bogomips	: 4789.14
clflush size	: 64
cache_alignment	: 64
address sizes	: 40 bits physical, 48 bits virtual
power management:

processor	: 1
vendor_id	: GenuineIntel
cpu family	: 6
model		: 58
model name	: Intel(R) Core(TM) i7-3630QM CPU @ 2.40GHz
stepping	: 9
microcode	: 0x1b
cpu MHz		: 2394.573
cache size	: 6144 KB
physical id	: 0
siblings	: 2
core id		: 1
cpu cores	: 2
apicid		: 1
initial apicid	: 1
fpu		: yes
fpu_exception	: yes
cpuid level	: 13
wp		: yes
flags		: fpu vme de pse tsc msr pae mce cx8 apic sep mtrr pge mca cmov pat pse36 clflush dts mmx fxsr sse sse2 ss ht syscall nx rdtscp lm constant_tsc arch_perfmon pebs bts nopl xtopology tsc_reliable nonstop_tsc aperfmperf eagerfpu pni pclmulqdq ssse3 cx16 pcid sse4_1 sse4_2 x2apic popcnt xsave avx f16c rdrand hypervisor lahf_lm ida arat epb xsaveopt pln pts dtherm fsgsbase smep
bogomips	: 4789.14
clflush size	: 64
cache_alignment	: 64
address sizes	: 40 bits physical, 48 bits virtual
power management:



Memory: 4k page, physical 3075296k(93184k free), swap 2097148k(2097148k free)

vm_info: OpenJDK 64-Bit Server VM (24.111-b01) for linux-amd64 JRE (1.7.0_111-b01), built on Aug 12 2016 05:30:29 by "buildd" with gcc 4.8.4

time: Fri Oct 28 13:32:03 2016
elapsed time: 1451 seconds

