#
# A fatal error has been detected by the Java Runtime Environment:
#
#  SIGSEGV (0xb) at pc=0x00007f3dab993428, pid=4940, tid=139902659135232
#
# JRE version: OpenJDK Runtime Environment (7.0_111-b01) (build 1.7.0_111-b01)
# Java VM: OpenJDK 64-Bit Server VM (24.111-b01 mixed mode linux-amd64 compressed oops)
# Derivative: IcedTea 2.6.7
# Distribution: Ubuntu 14.04 LTS, package 7u111-2.6.7-0ubuntu0.14.04.3
# Problematic frame:
# V  [libjvm.so+0x656428]
#
# Failed to write core dump. Core dumps have been disabled. To enable core dumping, try "ulimit -c unlimited" before starting Java again
#
# If you would like to submit a bug report, please include
# instructions on how to reproduce the bug and visit:
#   http://icedtea.classpath.org/bugzilla
#

---------------  T H R E A D  ---------------

Current thread (0x00007f3da40b3800):  JavaThread "JDWP Transport Listener: dt_socket" daemon [_thread_in_vm, id=4956, stack(0x00007f3da03d0000,0x00007f3da04d1000)]

siginfo:si_signo=SIGSEGV: si_errno=0, si_code=128 (), si_addr=0x0000000000000000

Registers:
RAX=0xfefefefefefefefe, RBX=0x00007f3da4003960, RCX=0x00007f3dac586320, RDX=0x0000000000000001
RSP=0x00007f3da04cf9b0, RBP=0x00007f3da04cf9c0, RSI=0x00007f3da40b3800, RDI=0x6564616f4c737361
R8 =0x0000000000000000, R9 =0x00007f3d7c003f50, R10=0x00007f3da86d74d1, R11=0x00007f3dac907360
R12=0x00007f3da04cfa97, R13=0x6564616f4c737361, R14=0x00007f3da40b3800, R15=0x00007f3da04cf9e0
RIP=0x00007f3dab993428, EFLAGS=0x0000000000010202, CSGSFS=0x0000000000000033, ERR=0x0000000000000000
  TRAPNO=0x000000000000000d

Top of Stack: (sp=0x00007f3da04cf9b0)
0x00007f3da04cf9b0:   00007f3da04cfa97 00007f3da4003960
0x00007f3da04cf9c0:   00007f3da04cfa30 00007f3dab9887f8
0x00007f3da04cf9d0:   00007f3dac134048 00007f3dab9d1fd6
0x00007f3da04cf9e0:   00007f3da40b3800 0000000000000000
0x00007f3da04cf9f0:   00007f3d00000000 0000000000000000
0x00007f3da04cfa00:   00007f3da04cfb80 00007f3da04cfa97
0x00007f3da04cfa10:   00007f3daa4d4f00 6564616f4c737361
0x00007f3da04cfa20:   00007f3da04cfa97 00007f3da04cfa9c
0x00007f3da04cfa30:   00007f3da04cfa60 00007f3daa2c0ab9
0x00007f3da04cfa40:   00007f3da04cfa60 0000000000000003
0x00007f3da04cfa50:   00007f3da04cfb80 6564616f4c737361
0x00007f3da04cfa60:   00007f3da04cfaf0 00007f3daa2a15f8
0x00007f3da04cfa70:   00007f3da04cfab0 00007f3da04cfab0
0x00007f3da04cfa80:   00007f3da04cfab8 00000001aa2a64d9
0x00007f3da04cfa90:   00007f3da04cfb50 0000000100000004
0x00007f3da04cfaa0:   00007f3d7c003b20 0000000000000000
0x00007f3da04cfab0:   0000000000000000 0000000000000000
0x00007f3da04cfac0:   00007f3da04cfb50 00000000000f0200
0x00007f3da04cfad0:   00007f3da04cfb50 0000000000000002
0x00007f3da04cfae0:   00007f3da04cfb80 00007f3daa4d4f00
0x00007f3da04cfaf0:   00007f3da04cfd40 00007f3daa2ab698
0x00007f3da04cfb00:   0000030a00000013 00007f3d7c0f0200
0x00007f3da04cfb10:   00007f3d74000ba0 00007f3dab93c09c
0x00007f3da04cfb20:   00007f3da40b5fb0 00007f3d7400080f
0x00007f3da04cfb30:   0000030a00000013 00007f3d7c0f0200
0x00007f3da04cfb40:   00007f3d74000ba0 00007f3daa2bfe51
0x00007f3da04cfb50:   00007f3d74000ba8 000000000000000b
0x00007f3da04cfb60:   0000030a00000013 00007f3d7c0f0200
0x00007f3da04cfb70:   00007f3d74000ba0 00007f3d7c003170
0x00007f3da04cfb80:   00007f3da04cfc5f 000000000000009d
0x00007f3da04cfb90:   00007f3da04cfb98 00007f3d0000008f
0x00007f3da04cfba0:   00007f3da04cfbd0 0000000000000000 

Instructions: (pc=0x00007f3dab993428)
0x00007f3dab993408:   0f 1f 84 00 00 00 00 00 48 85 ff 74 7b 55 48 b8
0x00007f3dab993418:   fe fe fe fe fe fe fe fe 48 89 e5 53 48 83 ec 08
0x00007f3dab993428:   48 8b 1f 48 39 c3 74 38 48 85 db 74 33 48 8d 05
0x00007f3dab993438:   88 b3 79 00 80 38 00 75 37 48 8b 53 08 48 8b 42 

Register to memory mapping:

RAX=0xfefefefefefefefe is an unknown value
RBX=0x00007f3da4003960 is an unknown value
RCX=0x00007f3dac586320: <offset 0x219320> in /lib/x86_64-linux-gnu/libpthread.so.0 at 0x00007f3dac36d000
RDX=0x0000000000000001 is an unknown value
RSP=0x00007f3da04cf9b0 is pointing into the stack for thread: 0x00007f3da40b3800
RBP=0x00007f3da04cf9c0 is pointing into the stack for thread: 0x00007f3da40b3800
RSI=0x00007f3da40b3800 is a thread
RDI=0x6564616f4c737361 is an unknown value
R8 =0x0000000000000000 is an unknown value
R9 =0x00007f3d7c003f50 is an unknown value
R10=0x00007f3da86d74d1 is an unknown value
R11=0x00007f3dac907360: <offset 0x178360> in /lib/x86_64-linux-gnu/libc.so.6 at 0x00007f3dac78f000
R12=0x00007f3da04cfa97 is pointing into the stack for thread: 0x00007f3da40b3800
R13=0x6564616f4c737361 is an unknown value
R14=0x00007f3da40b3800 is a thread
R15=0x00007f3da04cf9e0 is pointing into the stack for thread: 0x00007f3da40b3800


Stack: [0x00007f3da03d0000,0x00007f3da04d1000],  sp=0x00007f3da04cf9b0,  free space=1022k
Native frames: (J=compiled Java code, j=interpreted, Vv=VM code, C=native code)
V  [libjvm.so+0x656428]
V  [libjvm.so+0x64b7f8]
C  [libjdwp.so+0x26ab9]
C  [libjdwp.so+0x75f8]
C  [libjdwp.so+0x11698]
C  [libjdwp.so+0x23795]
V  [libjvm.so+0x6b3d5b]
V  [libjvm.so+0x90d5f0]
V  [libjvm.so+0x90d880]
V  [libjvm.so+0x7d0852]


---------------  P R O C E S S  ---------------

Java Threads: ( => current thread )
  0x00007f3da40bf000 JavaThread "Service Thread" daemon [_thread_blocked, id=4964, stack(0x00007f3d9a14e000,0x00007f3d9a24f000)]
  0x00007f3da40bc800 JavaThread "C2 CompilerThread1" daemon [_thread_blocked, id=4963, stack(0x00007f3d9a24f000,0x00007f3d9a350000)]
  0x00007f3da40b9800 JavaThread "C2 CompilerThread0" daemon [_thread_blocked, id=4962, stack(0x00007f3da00cd000,0x00007f3da01ce000)]
  0x00007f3d7c001000 JavaThread "JDWP Command Reader" daemon [_thread_in_native, id=4960, stack(0x00007f3da01ce000,0x00007f3da02cf000)]
  0x00007f3da40b7800 JavaThread "JDWP Event Helper Thread" daemon [_thread_blocked, id=4958, stack(0x00007f3da02cf000,0x00007f3da03d0000)]
=>0x00007f3da40b3800 JavaThread "JDWP Transport Listener: dt_socket" daemon [_thread_in_vm, id=4956, stack(0x00007f3da03d0000,0x00007f3da04d1000)]
  0x00007f3da40a7000 JavaThread "Signal Dispatcher" daemon [_thread_blocked, id=4954, stack(0x00007f3da06d6000,0x00007f3da07d7000)]
  0x00007f3da407b000 JavaThread "Finalizer" daemon [_thread_blocked, id=4953, stack(0x00007f3da07d7000,0x00007f3da08d8000)]
  0x00007f3da4079000 JavaThread "Reference Handler" daemon [_thread_blocked, id=4952, stack(0x00007f3da08d8000,0x00007f3da09d9000)]
  0x00007f3da400d800 JavaThread "main" [_thread_in_native, id=4942, stack(0x00007f3dace60000,0x00007f3dacf61000)]

Other Threads:
  0x00007f3da4074800 VMThread [stack: 0x00007f3da09d9000,0x00007f3da0ada000] [id=4951]
  0x00007f3da40c9800 WatcherThread [stack: 0x00007f3d9a04d000,0x00007f3d9a14e000] [id=4965]

VM state:not at safepoint (normal execution)

VM Mutex/Monitor currently owned by a thread: None

Heap
 PSYoungGen      total 14336K, used 983K [0x00000000f0500000, 0x00000000f1500000, 0x0000000100000000)
  eden space 12288K, 8% used [0x00000000f0500000,0x00000000f05f5ce0,0x00000000f1100000)
  from space 2048K, 0% used [0x00000000f1300000,0x00000000f1300000,0x00000000f1500000)
  to   space 2048K, 0% used [0x00000000f1100000,0x00000000f1100000,0x00000000f1300000)
 ParOldGen       total 31744K, used 0K [0x00000000d1000000, 0x00000000d2f00000, 0x00000000f0500000)
  object space 31744K, 0% used [0x00000000d1000000,0x00000000d1000000,0x00000000d2f00000)
 PSPermGen       total 21504K, used 3692K [0x00000000c6a00000, 0x00000000c7f00000, 0x00000000d1000000)
  object space 21504K, 17% used [0x00000000c6a00000,0x00000000c6d9b220,0x00000000c7f00000)

Card table byte_map: [0x00007f3da8c73000,0x00007f3da8e3f000] byte_map_base: 0x00007f3da863e000

Polling page: 0x00007f3dacf81000

Code Cache  [0x00007f3da1000000, 0x00007f3da1270000, 0x00007f3da4000000)
 total_blobs=173 nmethods=0 adapters=150 free_code_cache=48769Kb largest_free_block=49939392

Compilation events (0 events):
No events

GC Heap History (0 events):
No events

Deoptimization events (0 events):
No events

Internal exceptions (10 events):
Event: 0,391 Thread 0x00007f3da400d800 Threw 0x00000000f054b350 at /build/openjdk-7-ueNuwK/openjdk-7-7u111-2.6.7/build/openjdk/hotspot/src/share/vm/prims/jvm.cpp:1322
Event: 0,391 Thread 0x00007f3da400d800 Threw 0x00000000f054b478 at /build/openjdk-7-ueNuwK/openjdk-7-7u111-2.6.7/build/openjdk/hotspot/src/share/vm/prims/jvm.cpp:1322
Event: 0,391 Thread 0x00007f3da400d800 Threw 0x00000000f054b6c8 at /build/openjdk-7-ueNuwK/openjdk-7-7u111-2.6.7/build/openjdk/hotspot/src/share/vm/prims/jvm.cpp:1322
Event: 0,412 Thread 0x00007f3da400d800 Threw 0x00000000f05504a8 at /build/openjdk-7-ueNuwK/openjdk-7-7u111-2.6.7/build/openjdk/hotspot/src/share/vm/prims/jvm.cpp:1322
Event: 0,459 Thread 0x00007f3da400d800 Threw 0x00000000f0573af0 at /build/openjdk-7-ueNuwK/openjdk-7-7u111-2.6.7/build/openjdk/hotspot/src/share/vm/prims/jvm.cpp:1322
Event: 0,459 Thread 0x00007f3da400d800 Threw 0x00000000f0573c18 at /build/openjdk-7-ueNuwK/openjdk-7-7u111-2.6.7/build/openjdk/hotspot/src/share/vm/prims/jvm.cpp:1322
Event: 0,460 Thread 0x00007f3da400d800 Threw 0x00000000f05761c8 at /build/openjdk-7-ueNuwK/openjdk-7-7u111-2.6.7/build/openjdk/hotspot/src/share/vm/prims/jvm.cpp:1322
Event: 0,460 Thread 0x00007f3da400d800 Threw 0x00000000f05762f0 at /build/openjdk-7-ueNuwK/openjdk-7-7u111-2.6.7/build/openjdk/hotspot/src/share/vm/prims/jvm.cpp:1322
Event: 0,460 Thread 0x00007f3da400d800 Threw 0x00000000f0576bf0 at /build/openjdk-7-ueNuwK/openjdk-7-7u111-2.6.7/build/openjdk/hotspot/src/share/vm/prims/jvm.cpp:1322
Event: 0,460 Thread 0x00007f3da400d800 Threw 0x00000000f0576d18 at /build/openjdk-7-ueNuwK/openjdk-7-7u111-2.6.7/build/openjdk/hotspot/src/share/vm/prims/jvm.cpp:1322

Events (10 events):
Event: 154,136 Executing VM operation: RedefineClasses
Event: 154,136 Executing VM operation: RedefineClasses done
Event: 154,139 Executing VM operation: ChangeBreakpoints
Event: 154,139 Executing VM operation: ChangeBreakpoints done
Event: 324,611 Executing VM operation: RedefineClasses
Event: 324,611 Executing VM operation: RedefineClasses done
Event: 324,614 Executing VM operation: ChangeBreakpoints
Event: 324,614 Executing VM operation: ChangeBreakpoints done
Event: 1357,777 Executing VM operation: RedefineClasses
Event: 1357,777 Executing VM operation: RedefineClasses done


Dynamic libraries:
00400000-00401000 r-xp 00000000 08:02 1592002                            /usr/lib/jvm/java-7-openjdk-amd64/jre/bin/java
00600000-00601000 r--p 00000000 08:02 1592002                            /usr/lib/jvm/java-7-openjdk-amd64/jre/bin/java
00601000-00602000 rw-p 00001000 08:02 1592002                            /usr/lib/jvm/java-7-openjdk-amd64/jre/bin/java
025c8000-025e9000 rw-p 00000000 00:00 0                                  [heap]
c6a00000-c7f00000 rw-p 00000000 00:00 0 
c7f00000-d1000000 rw-p 00000000 00:00 0 
d1000000-d2f00000 rw-p 00000000 00:00 0 
d2f00000-f0500000 rw-p 00000000 00:00 0 
f0500000-f1500000 rw-p 00000000 00:00 0 
f1500000-100000000 rw-p 00000000 00:00 0 
7f3d64000000-7f3d64021000 rw-p 00000000 00:00 0 
7f3d64021000-7f3d68000000 ---p 00000000 00:00 0 
7f3d6c000000-7f3d6c021000 rw-p 00000000 00:00 0 
7f3d6c021000-7f3d70000000 ---p 00000000 00:00 0 
7f3d70000000-7f3d70021000 rw-p 00000000 00:00 0 
7f3d70021000-7f3d74000000 ---p 00000000 00:00 0 
7f3d74000000-7f3d74021000 rw-p 00000000 00:00 0 
7f3d74021000-7f3d78000000 ---p 00000000 00:00 0 
7f3d78000000-7f3d78021000 rw-p 00000000 00:00 0 
7f3d78021000-7f3d7c000000 ---p 00000000 00:00 0 
7f3d7c000000-7f3d7c021000 rw-p 00000000 00:00 0 
7f3d7c021000-7f3d80000000 ---p 00000000 00:00 0 
7f3d80000000-7f3d80021000 rw-p 00000000 00:00 0 
7f3d80021000-7f3d84000000 ---p 00000000 00:00 0 
7f3d84000000-7f3d84021000 rw-p 00000000 00:00 0 
7f3d84021000-7f3d88000000 ---p 00000000 00:00 0 
7f3d88000000-7f3d88021000 rw-p 00000000 00:00 0 
7f3d88021000-7f3d8c000000 ---p 00000000 00:00 0 
7f3d8c000000-7f3d8c021000 rw-p 00000000 00:00 0 
7f3d8c021000-7f3d90000000 ---p 00000000 00:00 0 
7f3d90000000-7f3d90021000 rw-p 00000000 00:00 0 
7f3d90021000-7f3d94000000 ---p 00000000 00:00 0 
7f3d94000000-7f3d94021000 rw-p 00000000 00:00 0 
7f3d94021000-7f3d98000000 ---p 00000000 00:00 0 
7f3d9a04d000-7f3d9a04e000 ---p 00000000 00:00 0 
7f3d9a04e000-7f3d9a14e000 rw-p 00000000 00:00 0                          [stack:4965]
7f3d9a14e000-7f3d9a151000 ---p 00000000 00:00 0 
7f3d9a151000-7f3d9a24f000 rw-p 00000000 00:00 0                          [stack:4964]
7f3d9a24f000-7f3d9a252000 ---p 00000000 00:00 0 
7f3d9a252000-7f3d9c000000 rw-p 00000000 00:00 0                          [stack:4963]
7f3d9c000000-7f3d9c021000 rw-p 00000000 00:00 0 
7f3d9c021000-7f3da0000000 ---p 00000000 00:00 0 
7f3da00cd000-7f3da00d0000 ---p 00000000 00:00 0 
7f3da00d0000-7f3da01ce000 rw-p 00000000 00:00 0                          [stack:4962]
7f3da01ce000-7f3da01d1000 ---p 00000000 00:00 0 
7f3da01d1000-7f3da02cf000 rw-p 00000000 00:00 0                          [stack:4960]
7f3da02cf000-7f3da02d2000 ---p 00000000 00:00 0 
7f3da02d2000-7f3da03d0000 rw-p 00000000 00:00 0                          [stack:4958]
7f3da03d0000-7f3da03d3000 ---p 00000000 00:00 0 
7f3da03d3000-7f3da04d1000 rw-p 00000000 00:00 0                          [stack:4956]
7f3da04d1000-7f3da04d5000 r-xp 00000000 08:02 1848241                    /usr/lib/jvm/java-7-openjdk-amd64/jre/lib/amd64/libdt_socket.so
7f3da04d5000-7f3da06d4000 ---p 00004000 08:02 1848241                    /usr/lib/jvm/java-7-openjdk-amd64/jre/lib/amd64/libdt_socket.so
7f3da06d4000-7f3da06d5000 r--p 00003000 08:02 1848241                    /usr/lib/jvm/java-7-openjdk-amd64/jre/lib/amd64/libdt_socket.so
7f3da06d5000-7f3da06d6000 rw-p 00004000 08:02 1848241                    /usr/lib/jvm/java-7-openjdk-amd64/jre/lib/amd64/libdt_socket.so
7f3da06d6000-7f3da06d9000 ---p 00000000 00:00 0 
7f3da06d9000-7f3da07d7000 rw-p 00000000 00:00 0                          [stack:4954]
7f3da07d7000-7f3da07da000 ---p 00000000 00:00 0 
7f3da07da000-7f3da08d8000 rw-p 00000000 00:00 0                          [stack:4953]
7f3da08d8000-7f3da08db000 ---p 00000000 00:00 0 
7f3da08db000-7f3da09d9000 rw-p 00000000 00:00 0                          [stack:4952]
7f3da09d9000-7f3da09da000 ---p 00000000 00:00 0 
7f3da09da000-7f3da1000000 rw-p 00000000 00:00 0                          [stack:4951]
7f3da1000000-7f3da1270000 rwxp 00000000 00:00 0 
7f3da1270000-7f3da4157000 rw-p 00000000 00:00 0 
7f3da4157000-7f3da8000000 ---p 00000000 00:00 0 
7f3da801d000-7f3da84ac000 rw-p 00000000 00:00 0 
7f3da84ac000-7f3da865f000 r--s 01d3d000 08:02 1710224                    /usr/lib/jvm/java-7-openjdk-amd64/jre/lib/rt.jar
7f3da865f000-7f3da8923000 rw-p 00000000 00:00 0 
7f3da8923000-7f3da8924000 ---p 00000000 00:00 0 
7f3da8924000-7f3da8a24000 rw-p 00000000 00:00 0                          [stack:4950]
7f3da8a24000-7f3da8a25000 ---p 00000000 00:00 0 
7f3da8a25000-7f3da8b30000 rw-p 00000000 00:00 0                          [stack:4946]
7f3da8b30000-7f3da8b78000 rw-p 00000000 00:00 0 
7f3da8b78000-7f3da8b88000 rw-p 00000000 00:00 0 
7f3da8b88000-7f3da8c73000 rw-p 00000000 00:00 0 
7f3da8c73000-7f3da8c7e000 rw-p 00000000 00:00 0 
7f3da8c7e000-7f3da8cc6000 rw-p 00000000 00:00 0 
7f3da8cc6000-7f3da8cd6000 rw-p 00000000 00:00 0 
7f3da8cd6000-7f3da8dc0000 rw-p 00000000 00:00 0 
7f3da8dc0000-7f3da8dc9000 rw-p 00000000 00:00 0 
7f3da8dc9000-7f3da8e3e000 rw-p 00000000 00:00 0 
7f3da8e3e000-7f3da8e3f000 rw-p 00000000 00:00 0 
7f3da8e3f000-7f3da8e47000 r-xp 00000000 08:02 1848273                    /usr/lib/jvm/java-7-openjdk-amd64/jre/lib/amd64/libzip.so
7f3da8e47000-7f3da9046000 ---p 00008000 08:02 1848273                    /usr/lib/jvm/java-7-openjdk-amd64/jre/lib/amd64/libzip.so
7f3da9046000-7f3da9047000 r--p 00007000 08:02 1848273                    /usr/lib/jvm/java-7-openjdk-amd64/jre/lib/amd64/libzip.so
7f3da9047000-7f3da9048000 rw-p 00008000 08:02 1848273                    /usr/lib/jvm/java-7-openjdk-amd64/jre/lib/amd64/libzip.so
7f3da9048000-7f3da9052000 r-xp 00000000 08:02 264459                     /lib/x86_64-linux-gnu/libnss_files-2.19.so
7f3da9052000-7f3da9251000 ---p 0000a000 08:02 264459                     /lib/x86_64-linux-gnu/libnss_files-2.19.so
7f3da9251000-7f3da9252000 r--p 00009000 08:02 264459                     /lib/x86_64-linux-gnu/libnss_files-2.19.so
7f3da9252000-7f3da9253000 rw-p 0000a000 08:02 264459                     /lib/x86_64-linux-gnu/libnss_files-2.19.so
7f3da9253000-7f3da925e000 r-xp 00000000 08:02 264451                     /lib/x86_64-linux-gnu/libnss_nis-2.19.so
7f3da925e000-7f3da945d000 ---p 0000b000 08:02 264451                     /lib/x86_64-linux-gnu/libnss_nis-2.19.so
7f3da945d000-7f3da945e000 r--p 0000a000 08:02 264451                     /lib/x86_64-linux-gnu/libnss_nis-2.19.so
7f3da945e000-7f3da945f000 rw-p 0000b000 08:02 264451                     /lib/x86_64-linux-gnu/libnss_nis-2.19.so
7f3da945f000-7f3da9476000 r-xp 00000000 08:02 264447                     /lib/x86_64-linux-gnu/libnsl-2.19.so
7f3da9476000-7f3da9675000 ---p 00017000 08:02 264447                     /lib/x86_64-linux-gnu/libnsl-2.19.so
7f3da9675000-7f3da9676000 r--p 00016000 08:02 264447                     /lib/x86_64-linux-gnu/libnsl-2.19.so
7f3da9676000-7f3da9677000 rw-p 00017000 08:02 264447                     /lib/x86_64-linux-gnu/libnsl-2.19.so
7f3da9677000-7f3da9679000 rw-p 00000000 00:00 0 
7f3da9679000-7f3da9682000 r-xp 00000000 08:02 264446                     /lib/x86_64-linux-gnu/libnss_compat-2.19.so
7f3da9682000-7f3da9881000 ---p 00009000 08:02 264446                     /lib/x86_64-linux-gnu/libnss_compat-2.19.so
7f3da9881000-7f3da9882000 r--p 00008000 08:02 264446                     /lib/x86_64-linux-gnu/libnss_compat-2.19.so
7f3da9882000-7f3da9883000 rw-p 00009000 08:02 264446                     /lib/x86_64-linux-gnu/libnss_compat-2.19.so
7f3da9883000-7f3daa096000 r--p 00000000 08:02 529688                     /usr/lib/locale/locale-archive
7f3daa096000-7f3daa098000 r-xp 00000000 08:02 1848244                    /usr/lib/jvm/java-7-openjdk-amd64/jre/lib/amd64/libnpt.so
7f3daa098000-7f3daa298000 ---p 00002000 08:02 1848244                    /usr/lib/jvm/java-7-openjdk-amd64/jre/lib/amd64/libnpt.so
7f3daa298000-7f3daa299000 r--p 00002000 08:02 1848244                    /usr/lib/jvm/java-7-openjdk-amd64/jre/lib/amd64/libnpt.so
7f3daa299000-7f3daa29a000 rw-p 00003000 08:02 1848244                    /usr/lib/jvm/java-7-openjdk-amd64/jre/lib/amd64/libnpt.so
7f3daa29a000-7f3daa2d4000 r-xp 00000000 08:02 1848266                    /usr/lib/jvm/java-7-openjdk-amd64/jre/lib/amd64/libjdwp.so
7f3daa2d4000-7f3daa4d3000 ---p 0003a000 08:02 1848266                    /usr/lib/jvm/java-7-openjdk-amd64/jre/lib/amd64/libjdwp.so
7f3daa4d3000-7f3daa4d4000 r--p 00039000 08:02 1848266                    /usr/lib/jvm/java-7-openjdk-amd64/jre/lib/amd64/libjdwp.so
7f3daa4d4000-7f3daa4d5000 rw-p 0003a000 08:02 1848266                    /usr/lib/jvm/java-7-openjdk-amd64/jre/lib/amd64/libjdwp.so
7f3daa4d5000-7f3daa500000 r-xp 00000000 08:02 1848242                    /usr/lib/jvm/java-7-openjdk-amd64/jre/lib/amd64/libjava.so
7f3daa500000-7f3daa700000 ---p 0002b000 08:02 1848242                    /usr/lib/jvm/java-7-openjdk-amd64/jre/lib/amd64/libjava.so
7f3daa700000-7f3daa701000 r--p 0002b000 08:02 1848242                    /usr/lib/jvm/java-7-openjdk-amd64/jre/lib/amd64/libjava.so
7f3daa701000-7f3daa703000 rw-p 0002c000 08:02 1848242                    /usr/lib/jvm/java-7-openjdk-amd64/jre/lib/amd64/libjava.so
7f3daa703000-7f3daa713000 r-xp 00000000 08:02 1848240                    /usr/lib/jvm/java-7-openjdk-amd64/jre/lib/amd64/libverify.so
7f3daa713000-7f3daa912000 ---p 00010000 08:02 1848240                    /usr/lib/jvm/java-7-openjdk-amd64/jre/lib/amd64/libverify.so
7f3daa912000-7f3daa914000 r--p 0000f000 08:02 1848240                    /usr/lib/jvm/java-7-openjdk-amd64/jre/lib/amd64/libverify.so
7f3daa914000-7f3daa915000 rw-p 00011000 08:02 1848240                    /usr/lib/jvm/java-7-openjdk-amd64/jre/lib/amd64/libverify.so
7f3daa915000-7f3daa91c000 r-xp 00000000 08:02 264455                     /lib/x86_64-linux-gnu/librt-2.19.so
7f3daa91c000-7f3daab1b000 ---p 00007000 08:02 264455                     /lib/x86_64-linux-gnu/librt-2.19.so
7f3daab1b000-7f3daab1c000 r--p 00006000 08:02 264455                     /lib/x86_64-linux-gnu/librt-2.19.so
7f3daab1c000-7f3daab1d000 rw-p 00007000 08:02 264455                     /lib/x86_64-linux-gnu/librt-2.19.so
7f3daab1d000-7f3daab33000 r-xp 00000000 08:02 262246                     /lib/x86_64-linux-gnu/libgcc_s.so.1
7f3daab33000-7f3daad32000 ---p 00016000 08:02 262246                     /lib/x86_64-linux-gnu/libgcc_s.so.1
7f3daad32000-7f3daad33000 rw-p 00015000 08:02 262246                     /lib/x86_64-linux-gnu/libgcc_s.so.1
7f3daad33000-7f3daae38000 r-xp 00000000 08:02 264441                     /lib/x86_64-linux-gnu/libm-2.19.so
7f3daae38000-7f3dab037000 ---p 00105000 08:02 264441                     /lib/x86_64-linux-gnu/libm-2.19.so
7f3dab037000-7f3dab038000 r--p 00104000 08:02 264441                     /lib/x86_64-linux-gnu/libm-2.19.so
7f3dab038000-7f3dab039000 rw-p 00105000 08:02 264441                     /lib/x86_64-linux-gnu/libm-2.19.so
7f3dab039000-7f3dab11f000 r-xp 00000000 08:02 527027                     /usr/lib/x86_64-linux-gnu/libstdc++.so.6.0.19
7f3dab11f000-7f3dab31e000 ---p 000e6000 08:02 527027                     /usr/lib/x86_64-linux-gnu/libstdc++.so.6.0.19
7f3dab31e000-7f3dab326000 r--p 000e5000 08:02 527027                     /usr/lib/x86_64-linux-gnu/libstdc++.so.6.0.19
7f3dab326000-7f3dab328000 rw-p 000ed000 08:02 527027                     /usr/lib/x86_64-linux-gnu/libstdc++.so.6.0.19
7f3dab328000-7f3dab33d000 rw-p 00000000 00:00 0 
7f3dab33d000-7f3dabe68000 r-xp 00000000 08:02 1848247                    /usr/lib/jvm/java-7-openjdk-amd64/jre/lib/amd64/server/libjvm.so
7f3dabe68000-7f3dac068000 ---p 00b2b000 08:02 1848247                    /usr/lib/jvm/java-7-openjdk-amd64/jre/lib/amd64/server/libjvm.so
7f3dac068000-7f3dac102000 r--p 00b2b000 08:02 1848247                    /usr/lib/jvm/java-7-openjdk-amd64/jre/lib/amd64/server/libjvm.so
7f3dac102000-7f3dac125000 rw-p 00bc5000 08:02 1848247                    /usr/lib/jvm/java-7-openjdk-amd64/jre/lib/amd64/server/libjvm.so
7f3dac125000-7f3dac154000 rw-p 00000000 00:00 0 
7f3dac154000-7f3dac16c000 r-xp 00000000 08:02 266416                     /lib/x86_64-linux-gnu/libz.so.1.2.8
7f3dac16c000-7f3dac36b000 ---p 00018000 08:02 266416                     /lib/x86_64-linux-gnu/libz.so.1.2.8
7f3dac36b000-7f3dac36c000 r--p 00017000 08:02 266416                     /lib/x86_64-linux-gnu/libz.so.1.2.8
7f3dac36c000-7f3dac36d000 rw-p 00018000 08:02 266416                     /lib/x86_64-linux-gnu/libz.so.1.2.8
7f3dac36d000-7f3dac386000 r-xp 00000000 08:02 264448                     /lib/x86_64-linux-gnu/libpthread-2.19.so
7f3dac386000-7f3dac585000 ---p 00019000 08:02 264448                     /lib/x86_64-linux-gnu/libpthread-2.19.so
7f3dac585000-7f3dac586000 r--p 00018000 08:02 264448                     /lib/x86_64-linux-gnu/libpthread-2.19.so
7f3dac586000-7f3dac587000 rw-p 00019000 08:02 264448                     /lib/x86_64-linux-gnu/libpthread-2.19.so
7f3dac587000-7f3dac58b000 rw-p 00000000 00:00 0 
7f3dac58b000-7f3dac58e000 r-xp 00000000 08:02 264443                     /lib/x86_64-linux-gnu/libdl-2.19.so
7f3dac58e000-7f3dac78d000 ---p 00003000 08:02 264443                     /lib/x86_64-linux-gnu/libdl-2.19.so
7f3dac78d000-7f3dac78e000 r--p 00002000 08:02 264443                     /lib/x86_64-linux-gnu/libdl-2.19.so
7f3dac78e000-7f3dac78f000 rw-p 00003000 08:02 264443                     /lib/x86_64-linux-gnu/libdl-2.19.so
7f3dac78f000-7f3dac949000 r-xp 00000000 08:02 264456                     /lib/x86_64-linux-gnu/libc-2.19.so
7f3dac949000-7f3dacb49000 ---p 001ba000 08:02 264456                     /lib/x86_64-linux-gnu/libc-2.19.so
7f3dacb49000-7f3dacb4d000 r--p 001ba000 08:02 264456                     /lib/x86_64-linux-gnu/libc-2.19.so
7f3dacb4d000-7f3dacb4f000 rw-p 001be000 08:02 264456                     /lib/x86_64-linux-gnu/libc-2.19.so
7f3dacb4f000-7f3dacb54000 rw-p 00000000 00:00 0 
7f3dacb54000-7f3dacb61000 r-xp 00000000 08:02 1979419                    /usr/lib/jvm/java-7-openjdk-amd64/jre/lib/amd64/jli/libjli.so
7f3dacb61000-7f3dacd60000 ---p 0000d000 08:02 1979419                    /usr/lib/jvm/java-7-openjdk-amd64/jre/lib/amd64/jli/libjli.so
7f3dacd60000-7f3dacd61000 r--p 0000c000 08:02 1979419                    /usr/lib/jvm/java-7-openjdk-amd64/jre/lib/amd64/jli/libjli.so
7f3dacd61000-7f3dacd62000 rw-p 0000d000 08:02 1979419                    /usr/lib/jvm/java-7-openjdk-amd64/jre/lib/amd64/jli/libjli.so
7f3dacd62000-7f3dacd85000 r-xp 00000000 08:02 264449                     /lib/x86_64-linux-gnu/ld-2.19.so
7f3dacd8b000-7f3dacd8d000 rw-p 00000000 00:00 0 
7f3dacd8d000-7f3dacd91000 r--s 00034000 08:02 2109936                    /usr/lib/jvm/java-7-openjdk-amd64/jre/lib/ext/sunjce_provider.jar
7f3dacd91000-7f3dacd94000 r--s 0003d000 08:02 2109933                    /usr/lib/jvm/java-7-openjdk-amd64/jre/lib/ext/sunpkcs11.jar
7f3dacd94000-7f3dacd98000 r--s 00085000 08:02 2109935                    /usr/lib/jvm/java-7-openjdk-amd64/jre/lib/ext/localedata.jar
7f3dacd98000-7f3dacd9a000 r--s 00006000 08:02 935232                     /usr/share/java/java-atk-wrapper.jar
7f3dacd9a000-7f3dacd9b000 r--s 00002000 08:02 2109937                    /usr/lib/jvm/java-7-openjdk-amd64/jre/lib/ext/dnsns.jar
7f3dacd9b000-7f3dacd9d000 r--s 00012000 08:02 2109938                    /usr/lib/jvm/java-7-openjdk-amd64/jre/lib/ext/zipfs.jar
7f3dacd9d000-7f3dacda0000 r--s 0000f000 08:02 2109934                    /usr/lib/jvm/java-7-openjdk-amd64/jre/lib/ext/icedtea-sound.jar
7f3dacda0000-7f3dacdaa000 rw-p 00000000 00:00 0 
7f3dacdaa000-7f3dace60000 rw-p 00000000 00:00 0 
7f3dace60000-7f3dace63000 ---p 00000000 00:00 0 
7f3dace63000-7f3dacf78000 rw-p 00000000 00:00 0                          [stack:4942]
7f3dacf78000-7f3dacf80000 rw-s 00000000 08:02 2767518                    /tmp/hsperfdata_kuba/4940
7f3dacf80000-7f3dacf81000 rw-p 00000000 00:00 0 
7f3dacf81000-7f3dacf82000 r--p 00000000 00:00 0 
7f3dacf82000-7f3dacf84000 rw-p 00000000 00:00 0 
7f3dacf84000-7f3dacf85000 r--p 00022000 08:02 264449                     /lib/x86_64-linux-gnu/ld-2.19.so
7f3dacf85000-7f3dacf86000 rw-p 00023000 08:02 264449                     /lib/x86_64-linux-gnu/ld-2.19.so
7f3dacf86000-7f3dacf87000 rw-p 00000000 00:00 0 
7ffe66dc0000-7ffe66de1000 rw-p 00000000 00:00 0                          [stack]
7ffe66df2000-7ffe66df4000 r-xp 00000000 00:00 0                          [vdso]
ffffffffff600000-ffffffffff601000 r-xp 00000000 00:00 0                  [vsyscall]

VM Arguments:
jvm_args: -agentlib:jdwp=transport=dt_socket,suspend=y,address=localhost:46245 -Dfile.encoding=UTF-8 
java_command: Zadanie1
Launcher Type: SUN_STANDARD

Environment Variables:
PATH=/usr/local/sbin:/usr/local/bin:/usr/sbin:/usr/bin:/sbin:/bin:/usr/games:/usr/local/games
SHELL=/bin/bash
DISPLAY=:0

Signal Handlers:
SIGSEGV: [libjvm.so+0x95b080], sa_mask[0]=0x7ffbfeff, sa_flags=0x10000004
SIGBUS: [libjvm.so+0x95b080], sa_mask[0]=0x7ffbfeff, sa_flags=0x10000004
SIGFPE: [libjvm.so+0x7cf020], sa_mask[0]=0x7ffbfeff, sa_flags=0x10000004
SIGPIPE: [libjvm.so+0x7cf020], sa_mask[0]=0x7ffbfeff, sa_flags=0x10000004
SIGXFSZ: [libjvm.so+0x7cf020], sa_mask[0]=0x7ffbfeff, sa_flags=0x10000004
SIGILL: [libjvm.so+0x7cf020], sa_mask[0]=0x7ffbfeff, sa_flags=0x10000004
SIGUSR1: SIG_DFL, sa_mask[0]=0x00000000, sa_flags=0x00000000
SIGUSR2: [libjvm.so+0x7cf150], sa_mask[0]=0x00000004, sa_flags=0x10000004
SIGHUP: [libjvm.so+0x7cf0a0], sa_mask[0]=0x7ffbfeff, sa_flags=0x10000004
SIGINT: [libjvm.so+0x7cf0a0], sa_mask[0]=0x7ffbfeff, sa_flags=0x10000004
SIGTERM: [libjvm.so+0x7cf0a0], sa_mask[0]=0x7ffbfeff, sa_flags=0x10000004
SIGQUIT: [libjvm.so+0x7cf0a0], sa_mask[0]=0x7ffbfeff, sa_flags=0x10000004
SIGTRAP: SIG_DFL, sa_mask[0]=0x00000000, sa_flags=0x00000000


---------------  S Y S T E M  ---------------

OS:Ubuntu 14.04 (trusty)
uname:Linux 3.13.0-100-generic #147-Ubuntu SMP Tue Oct 18 16:48:51 UTC 2016 x86_64
libc:glibc 2.19 NPTL 2.19 
rlimit: STACK 8192k, CORE 0k, NPROC 23857, NOFILE 4096, AS infinity
load average:4,38 3,46 3,06

/proc/meminfo:
MemTotal:        3075296 kB
MemFree:           85860 kB
Buffers:           43324 kB
Cached:           608672 kB
SwapCached:            0 kB
Active:          2353172 kB
Inactive:         438916 kB
Active(anon):    2076720 kB
Inactive(anon):    85200 kB
Active(file):     276452 kB
Inactive(file):   353716 kB
Unevictable:          48 kB
Mlocked:              48 kB
SwapTotal:       2097148 kB
SwapFree:        2097148 kB
Dirty:              1692 kB
Writeback:             0 kB
AnonPages:       2140208 kB
Mapped:           209492 kB
Shmem:             21816 kB
Slab:              79248 kB
SReclaimable:      40448 kB
SUnreclaim:        38800 kB
KernelStack:        7968 kB
PageTables:        41156 kB
NFS_Unstable:          0 kB
Bounce:                0 kB
WritebackTmp:          0 kB
CommitLimit:     3634796 kB
Committed_AS:    7186960 kB
VmallocTotal:   34359738367 kB
VmallocUsed:      167944 kB
VmallocChunk:   34359528588 kB
HardwareCorrupted:     0 kB
AnonHugePages:   1073152 kB
HugePages_Total:       0
HugePages_Free:        0
HugePages_Rsvd:        0
HugePages_Surp:        0
Hugepagesize:       2048 kB
DirectMap4k:       51072 kB
DirectMap2M:     3094528 kB


CPU:total 2 (2 cores per cpu, 1 threads per core) family 6 model 58 stepping 9, cmov, cx8, fxsr, mmx, sse, sse2, sse3, ssse3, sse4.1, sse4.2, popcnt, avx, erms, tsc, tscinvbit, tscinv

/proc/cpuinfo:
processor	: 0
vendor_id	: GenuineIntel
cpu family	: 6
model		: 58
model name	: Intel(R) Core(TM) i7-3630QM CPU @ 2.40GHz
stepping	: 9
microcode	: 0x1b
cpu MHz		: 2394.573
cache size	: 6144 KB
physical id	: 0
siblings	: 2
core id		: 0
cpu cores	: 2
apicid		: 0
initial apicid	: 0
fpu		: yes
fpu_exception	: yes
cpuid level	: 13
wp		: yes
flags		: fpu vme de pse tsc msr pae mce cx8 apic sep mtrr pge mca cmov pat pse36 clflush dts mmx fxsr sse sse2 ss ht syscall nx rdtscp lm constant_tsc arch_perfmon pebs bts nopl xtopology tsc_reliable nonstop_tsc aperfmperf eagerfpu pni pclmulqdq ssse3 cx16 pcid sse4_1 sse4_2 x2apic popcnt xsave avx f16c rdrand hypervisor lahf_lm ida arat epb xsaveopt pln pts dtherm fsgsbase smep
bogomips	: 4789.14
clflush size	: 64
cache_alignment	: 64
address sizes	: 40 bits physical, 48 bits virtual
power management:

processor	: 1
vendor_id	: GenuineIntel
cpu family	: 6
model		: 58
model name	: Intel(R) Core(TM) i7-3630QM CPU @ 2.40GHz
stepping	: 9
microcode	: 0x1b
cpu MHz		: 2394.573
cache size	: 6144 KB
physical id	: 0
siblings	: 2
core id		: 1
cpu cores	: 2
apicid		: 1
initial apicid	: 1
fpu		: yes
fpu_exception	: yes
cpuid level	: 13
wp		: yes
flags		: fpu vme de pse tsc msr pae mce cx8 apic sep mtrr pge mca cmov pat pse36 clflush dts mmx fxsr sse sse2 ss ht syscall nx rdtscp lm constant_tsc arch_perfmon pebs bts nopl xtopology tsc_reliable nonstop_tsc aperfmperf eagerfpu pni pclmulqdq ssse3 cx16 pcid sse4_1 sse4_2 x2apic popcnt xsave avx f16c rdrand hypervisor lahf_lm ida arat epb xsaveopt pln pts dtherm fsgsbase smep
bogomips	: 4789.14
clflush size	: 64
cache_alignment	: 64
address sizes	: 40 bits physical, 48 bits virtual
power management:



Memory: 4k page, physical 3075296k(85860k free), swap 2097148k(2097148k free)

vm_info: OpenJDK 64-Bit Server VM (24.111-b01) for linux-amd64 JRE (1.7.0_111-b01), built on Aug 12 2016 05:30:29 by "buildd" with gcc 4.8.4

time: Fri Oct 28 13:32:09 2016
elapsed time: 1357 seconds

