#
# A fatal error has been detected by the Java Runtime Environment:
#
#  SIGSEGV (0xb) at pc=0x00007fdd37fff428, pid=4974, tid=140587884115712
#
# JRE version: OpenJDK Runtime Environment (7.0_111-b01) (build 1.7.0_111-b01)
# Java VM: OpenJDK 64-Bit Server VM (24.111-b01 mixed mode linux-amd64 compressed oops)
# Derivative: IcedTea 2.6.7
# Distribution: Ubuntu 14.04 LTS, package 7u111-2.6.7-0ubuntu0.14.04.3
# Problematic frame:
# V  [libjvm.so+0x656428]
#
# Failed to write core dump. Core dumps have been disabled. To enable core dumping, try "ulimit -c unlimited" before starting Java again
#
# If you would like to submit a bug report, please include
# instructions on how to reproduce the bug and visit:
#   http://icedtea.classpath.org/bugzilla
#

---------------  T H R E A D  ---------------

Current thread (0x00007fdd300b3800):  JavaThread "JDWP Transport Listener: dt_socket" daemon [_thread_in_vm, id=4990, stack(0x00007fdd2ad47000,0x00007fdd2ae48000)]

siginfo:si_signo=SIGSEGV: si_errno=0, si_code=128 (), si_addr=0x0000000000000000

Registers:
RAX=0xfefefefefefefefe, RBX=0x00007fdd30003960, RCX=0x00007fdd38bf2320, RDX=0x0000000000000001
RSP=0x00007fdd2ae469b0, RBP=0x00007fdd2ae469c0, RSI=0x00007fdd300b3800, RDI=0x6564616f4c737361
R8 =0x0000000000000000, R9 =0x00007fdd10003f50, R10=0x00007fdd34d434d1, R11=0x00007fdd38f73360
R12=0x00007fdd2ae46a97, R13=0x6564616f4c737361, R14=0x00007fdd300b3800, R15=0x00007fdd2ae469e0
RIP=0x00007fdd37fff428, EFLAGS=0x0000000000010202, CSGSFS=0x0000000000000033, ERR=0x0000000000000000
  TRAPNO=0x000000000000000d

Top of Stack: (sp=0x00007fdd2ae469b0)
0x00007fdd2ae469b0:   00007fdd2ae46a97 00007fdd30003960
0x00007fdd2ae469c0:   00007fdd2ae46a30 00007fdd37ff47f8
0x00007fdd2ae469d0:   00007fdd387a0048 00007fdd3803dfd6
0x00007fdd2ae469e0:   00007fdd300b3800 0000000000000000
0x00007fdd2ae469f0:   00007fdd00000000 0000000000000000
0x00007fdd2ae46a00:   00007fdd2ae46b80 00007fdd2ae46a97
0x00007fdd2ae46a10:   00007fdd36b40f00 6564616f4c737361
0x00007fdd2ae46a20:   00007fdd2ae46a97 00007fdd2ae46a9c
0x00007fdd2ae46a30:   00007fdd2ae46a60 00007fdd3692cab9
0x00007fdd2ae46a40:   00007fdd2ae46a60 0000000000000003
0x00007fdd2ae46a50:   00007fdd2ae46b80 6564616f4c737361
0x00007fdd2ae46a60:   00007fdd2ae46af0 00007fdd3690d5f8
0x00007fdd2ae46a70:   00007fdd2ae46ab0 00007fdd2ae46ab0
0x00007fdd2ae46a80:   00007fdd2ae46ab8 00000001369124d9
0x00007fdd2ae46a90:   00007fdd2ae46b50 0000000100000004
0x00007fdd2ae46aa0:   00007fdd10003b20 0000000000000000
0x00007fdd2ae46ab0:   0000000000000000 0000000000000000
0x00007fdd2ae46ac0:   00007fdd2ae46b50 00000000000f0200
0x00007fdd2ae46ad0:   00007fdd2ae46b50 0000000000000002
0x00007fdd2ae46ae0:   00007fdd2ae46b80 00007fdd36b40f00
0x00007fdd2ae46af0:   00007fdd2ae46d40 00007fdd36917698
0x00007fdd2ae46b00:   0000031500000013 00007fdd100f0200
0x00007fdd2ae46b10:   00007fdd08000ba0 00007fdd37fa809c
0x00007fdd2ae46b20:   00007fdd300b5fb0 00007fdd0800080f
0x00007fdd2ae46b30:   0000031500000013 00007fdd100f0200
0x00007fdd2ae46b40:   00007fdd08000ba0 00007fdd3692be51
0x00007fdd2ae46b50:   00007fdd08000ba8 000000000000000b
0x00007fdd2ae46b60:   0000031500000013 00007fdd100f0200
0x00007fdd2ae46b70:   00007fdd08000ba0 00007fdd100033f0
0x00007fdd2ae46b80:   00007fdd2ae46c5f 000000000000009d
0x00007fdd2ae46b90:   00007fdd2ae46b98 00007fdd0000008f
0x00007fdd2ae46ba0:   00007fdd2ae46bd0 0000000000000000 

Instructions: (pc=0x00007fdd37fff428)
0x00007fdd37fff408:   0f 1f 84 00 00 00 00 00 48 85 ff 74 7b 55 48 b8
0x00007fdd37fff418:   fe fe fe fe fe fe fe fe 48 89 e5 53 48 83 ec 08
0x00007fdd37fff428:   48 8b 1f 48 39 c3 74 38 48 85 db 74 33 48 8d 05
0x00007fdd37fff438:   88 b3 79 00 80 38 00 75 37 48 8b 53 08 48 8b 42 

Register to memory mapping:

RAX=0xfefefefefefefefe is an unknown value
RBX=0x00007fdd30003960 is an unknown value
RCX=0x00007fdd38bf2320: <offset 0x219320> in /lib/x86_64-linux-gnu/libpthread.so.0 at 0x00007fdd389d9000
RDX=0x0000000000000001 is an unknown value
RSP=0x00007fdd2ae469b0 is pointing into the stack for thread: 0x00007fdd300b3800
RBP=0x00007fdd2ae469c0 is pointing into the stack for thread: 0x00007fdd300b3800
RSI=0x00007fdd300b3800 is a thread
RDI=0x6564616f4c737361 is an unknown value
R8 =0x0000000000000000 is an unknown value
R9 =0x00007fdd10003f50 is an unknown value
R10=0x00007fdd34d434d1 is an unknown value
R11=0x00007fdd38f73360: <offset 0x178360> in /lib/x86_64-linux-gnu/libc.so.6 at 0x00007fdd38dfb000
R12=0x00007fdd2ae46a97 is pointing into the stack for thread: 0x00007fdd300b3800
R13=0x6564616f4c737361 is an unknown value
R14=0x00007fdd300b3800 is a thread
R15=0x00007fdd2ae469e0 is pointing into the stack for thread: 0x00007fdd300b3800


Stack: [0x00007fdd2ad47000,0x00007fdd2ae48000],  sp=0x00007fdd2ae469b0,  free space=1022k
Native frames: (J=compiled Java code, j=interpreted, Vv=VM code, C=native code)
V  [libjvm.so+0x656428]
V  [libjvm.so+0x64b7f8]
C  [libjdwp.so+0x26ab9]
C  [libjdwp.so+0x75f8]
C  [libjdwp.so+0x11698]
C  [libjdwp.so+0x23795]
V  [libjvm.so+0x6b3d5b]
V  [libjvm.so+0x90d5f0]
V  [libjvm.so+0x90d880]
V  [libjvm.so+0x7d0852]


---------------  P R O C E S S  ---------------

Java Threads: ( => current thread )
  0x00007fdd300bf000 JavaThread "Service Thread" daemon [_thread_blocked, id=4998, stack(0x00007fdd2a842000,0x00007fdd2a943000)]
  0x00007fdd300bc800 JavaThread "C2 CompilerThread1" daemon [_thread_blocked, id=4997, stack(0x00007fdd2a943000,0x00007fdd2aa44000)]
  0x00007fdd300b9800 JavaThread "C2 CompilerThread0" daemon [_thread_blocked, id=4996, stack(0x00007fdd2aa44000,0x00007fdd2ab45000)]
  0x00007fdd10001000 JavaThread "JDWP Command Reader" daemon [_thread_in_native, id=4994, stack(0x00007fdd2ab45000,0x00007fdd2ac46000)]
  0x00007fdd300b7800 JavaThread "JDWP Event Helper Thread" daemon [_thread_blocked, id=4993, stack(0x00007fdd2ac46000,0x00007fdd2ad47000)]
=>0x00007fdd300b3800 JavaThread "JDWP Transport Listener: dt_socket" daemon [_thread_in_vm, id=4990, stack(0x00007fdd2ad47000,0x00007fdd2ae48000)]
  0x00007fdd300a7000 JavaThread "Signal Dispatcher" daemon [_thread_blocked, id=4988, stack(0x00007fdd2b04d000,0x00007fdd2b14e000)]
  0x00007fdd3007b000 JavaThread "Finalizer" daemon [_thread_blocked, id=4987, stack(0x00007fdd2b14e000,0x00007fdd2b24f000)]
  0x00007fdd30079000 JavaThread "Reference Handler" daemon [_thread_blocked, id=4986, stack(0x00007fdd2b24f000,0x00007fdd2b350000)]
  0x00007fdd3000d800 JavaThread "main" [_thread_in_native, id=4978, stack(0x00007fdd394cc000,0x00007fdd395cd000)]

Other Threads:
  0x00007fdd30074800 VMThread [stack: 0x00007fdd34062000,0x00007fdd34163000] [id=4985]
  0x00007fdd300c9800 WatcherThread [stack: 0x00007fdd2a741000,0x00007fdd2a842000] [id=4999]

VM state:not at safepoint (normal execution)

VM Mutex/Monitor currently owned by a thread: None

Heap
 PSYoungGen      total 14336K, used 983K [0x00000000f0500000, 0x00000000f1500000, 0x0000000100000000)
  eden space 12288K, 8% used [0x00000000f0500000,0x00000000f05f5ce0,0x00000000f1100000)
  from space 2048K, 0% used [0x00000000f1300000,0x00000000f1300000,0x00000000f1500000)
  to   space 2048K, 0% used [0x00000000f1100000,0x00000000f1100000,0x00000000f1300000)
 ParOldGen       total 31744K, used 0K [0x00000000d1000000, 0x00000000d2f00000, 0x00000000f0500000)
  object space 31744K, 0% used [0x00000000d1000000,0x00000000d1000000,0x00000000d2f00000)
 PSPermGen       total 21504K, used 3692K [0x00000000c6a00000, 0x00000000c7f00000, 0x00000000d1000000)
  object space 21504K, 17% used [0x00000000c6a00000,0x00000000c6d9b220,0x00000000c7f00000)

Card table byte_map: [0x00007fdd352df000,0x00007fdd354ab000] byte_map_base: 0x00007fdd34caa000

Polling page: 0x00007fdd395ed000

Code Cache  [0x00007fdd2d000000, 0x00007fdd2d270000, 0x00007fdd30000000)
 total_blobs=173 nmethods=0 adapters=150 free_code_cache=48769Kb largest_free_block=49939392

Compilation events (0 events):
No events

GC Heap History (0 events):
No events

Deoptimization events (0 events):
No events

Internal exceptions (10 events):
Event: 0,410 Thread 0x00007fdd3000d800 Threw 0x00000000f054b350 at /build/openjdk-7-ueNuwK/openjdk-7-7u111-2.6.7/build/openjdk/hotspot/src/share/vm/prims/jvm.cpp:1322
Event: 0,410 Thread 0x00007fdd3000d800 Threw 0x00000000f054b478 at /build/openjdk-7-ueNuwK/openjdk-7-7u111-2.6.7/build/openjdk/hotspot/src/share/vm/prims/jvm.cpp:1322
Event: 0,411 Thread 0x00007fdd3000d800 Threw 0x00000000f054b6c8 at /build/openjdk-7-ueNuwK/openjdk-7-7u111-2.6.7/build/openjdk/hotspot/src/share/vm/prims/jvm.cpp:1322
Event: 0,419 Thread 0x00007fdd3000d800 Threw 0x00000000f05504a8 at /build/openjdk-7-ueNuwK/openjdk-7-7u111-2.6.7/build/openjdk/hotspot/src/share/vm/prims/jvm.cpp:1322
Event: 0,452 Thread 0x00007fdd3000d800 Threw 0x00000000f0573af0 at /build/openjdk-7-ueNuwK/openjdk-7-7u111-2.6.7/build/openjdk/hotspot/src/share/vm/prims/jvm.cpp:1322
Event: 0,452 Thread 0x00007fdd3000d800 Threw 0x00000000f0573c18 at /build/openjdk-7-ueNuwK/openjdk-7-7u111-2.6.7/build/openjdk/hotspot/src/share/vm/prims/jvm.cpp:1322
Event: 0,453 Thread 0x00007fdd3000d800 Threw 0x00000000f05761c8 at /build/openjdk-7-ueNuwK/openjdk-7-7u111-2.6.7/build/openjdk/hotspot/src/share/vm/prims/jvm.cpp:1322
Event: 0,453 Thread 0x00007fdd3000d800 Threw 0x00000000f05762f0 at /build/openjdk-7-ueNuwK/openjdk-7-7u111-2.6.7/build/openjdk/hotspot/src/share/vm/prims/jvm.cpp:1322
Event: 0,453 Thread 0x00007fdd3000d800 Threw 0x00000000f0576bf0 at /build/openjdk-7-ueNuwK/openjdk-7-7u111-2.6.7/build/openjdk/hotspot/src/share/vm/prims/jvm.cpp:1322
Event: 0,453 Thread 0x00007fdd3000d800 Threw 0x00000000f0576d18 at /build/openjdk-7-ueNuwK/openjdk-7-7u111-2.6.7/build/openjdk/hotspot/src/share/vm/prims/jvm.cpp:1322

Events (10 events):
Event: 80,668 Executing VM operation: RedefineClasses
Event: 80,668 Executing VM operation: RedefineClasses done
Event: 80,674 Executing VM operation: ChangeBreakpoints
Event: 80,674 Executing VM operation: ChangeBreakpoints done
Event: 251,072 Executing VM operation: RedefineClasses
Event: 251,072 Executing VM operation: RedefineClasses done
Event: 251,075 Executing VM operation: ChangeBreakpoints
Event: 251,075 Executing VM operation: ChangeBreakpoints done
Event: 1284,601 Executing VM operation: RedefineClasses
Event: 1284,601 Executing VM operation: RedefineClasses done


Dynamic libraries:
00400000-00401000 r-xp 00000000 08:02 1592002                            /usr/lib/jvm/java-7-openjdk-amd64/jre/bin/java
00600000-00601000 r--p 00000000 08:02 1592002                            /usr/lib/jvm/java-7-openjdk-amd64/jre/bin/java
00601000-00602000 rw-p 00001000 08:02 1592002                            /usr/lib/jvm/java-7-openjdk-amd64/jre/bin/java
0177c000-0179d000 rw-p 00000000 00:00 0                                  [heap]
c6a00000-c7f00000 rw-p 00000000 00:00 0 
c7f00000-d1000000 rw-p 00000000 00:00 0 
d1000000-d2f00000 rw-p 00000000 00:00 0 
d2f00000-f0500000 rw-p 00000000 00:00 0 
f0500000-f1500000 rw-p 00000000 00:00 0 
f1500000-100000000 rw-p 00000000 00:00 0 
7fdcf4000000-7fdcf4021000 rw-p 00000000 00:00 0 
7fdcf4021000-7fdcf8000000 ---p 00000000 00:00 0 
7fdcf8000000-7fdcf8021000 rw-p 00000000 00:00 0 
7fdcf8021000-7fdcfc000000 ---p 00000000 00:00 0 
7fdcfc000000-7fdcfc021000 rw-p 00000000 00:00 0 
7fdcfc021000-7fdd00000000 ---p 00000000 00:00 0 
7fdd00000000-7fdd00021000 rw-p 00000000 00:00 0 
7fdd00021000-7fdd04000000 ---p 00000000 00:00 0 
7fdd04000000-7fdd04021000 rw-p 00000000 00:00 0 
7fdd04021000-7fdd08000000 ---p 00000000 00:00 0 
7fdd08000000-7fdd08021000 rw-p 00000000 00:00 0 
7fdd08021000-7fdd0c000000 ---p 00000000 00:00 0 
7fdd0c000000-7fdd0c021000 rw-p 00000000 00:00 0 
7fdd0c021000-7fdd10000000 ---p 00000000 00:00 0 
7fdd10000000-7fdd10021000 rw-p 00000000 00:00 0 
7fdd10021000-7fdd14000000 ---p 00000000 00:00 0 
7fdd14000000-7fdd14021000 rw-p 00000000 00:00 0 
7fdd14021000-7fdd18000000 ---p 00000000 00:00 0 
7fdd18000000-7fdd18021000 rw-p 00000000 00:00 0 
7fdd18021000-7fdd1c000000 ---p 00000000 00:00 0 
7fdd1c000000-7fdd1c021000 rw-p 00000000 00:00 0 
7fdd1c021000-7fdd20000000 ---p 00000000 00:00 0 
7fdd20000000-7fdd20021000 rw-p 00000000 00:00 0 
7fdd20021000-7fdd24000000 ---p 00000000 00:00 0 
7fdd24000000-7fdd24021000 rw-p 00000000 00:00 0 
7fdd24021000-7fdd28000000 ---p 00000000 00:00 0 
7fdd2a741000-7fdd2a742000 ---p 00000000 00:00 0 
7fdd2a742000-7fdd2a842000 rw-p 00000000 00:00 0                          [stack:4999]
7fdd2a842000-7fdd2a845000 ---p 00000000 00:00 0 
7fdd2a845000-7fdd2a943000 rw-p 00000000 00:00 0                          [stack:4998]
7fdd2a943000-7fdd2a946000 ---p 00000000 00:00 0 
7fdd2a946000-7fdd2aa44000 rw-p 00000000 00:00 0                          [stack:4997]
7fdd2aa44000-7fdd2aa47000 ---p 00000000 00:00 0 
7fdd2aa47000-7fdd2ab45000 rw-p 00000000 00:00 0                          [stack:4996]
7fdd2ab45000-7fdd2ab48000 ---p 00000000 00:00 0 
7fdd2ab48000-7fdd2ac46000 rw-p 00000000 00:00 0                          [stack:4994]
7fdd2ac46000-7fdd2ac49000 ---p 00000000 00:00 0 
7fdd2ac49000-7fdd2ad47000 rw-p 00000000 00:00 0                          [stack:4993]
7fdd2ad47000-7fdd2ad4a000 ---p 00000000 00:00 0 
7fdd2ad4a000-7fdd2ae48000 rw-p 00000000 00:00 0                          [stack:4990]
7fdd2ae48000-7fdd2ae4c000 r-xp 00000000 08:02 1848241                    /usr/lib/jvm/java-7-openjdk-amd64/jre/lib/amd64/libdt_socket.so
7fdd2ae4c000-7fdd2b04b000 ---p 00004000 08:02 1848241                    /usr/lib/jvm/java-7-openjdk-amd64/jre/lib/amd64/libdt_socket.so
7fdd2b04b000-7fdd2b04c000 r--p 00003000 08:02 1848241                    /usr/lib/jvm/java-7-openjdk-amd64/jre/lib/amd64/libdt_socket.so
7fdd2b04c000-7fdd2b04d000 rw-p 00004000 08:02 1848241                    /usr/lib/jvm/java-7-openjdk-amd64/jre/lib/amd64/libdt_socket.so
7fdd2b04d000-7fdd2b050000 ---p 00000000 00:00 0 
7fdd2b050000-7fdd2b14e000 rw-p 00000000 00:00 0                          [stack:4988]
7fdd2b14e000-7fdd2b151000 ---p 00000000 00:00 0 
7fdd2b151000-7fdd2b24f000 rw-p 00000000 00:00 0                          [stack:4987]
7fdd2b24f000-7fdd2b252000 ---p 00000000 00:00 0 
7fdd2b252000-7fdd2d000000 rw-p 00000000 00:00 0                          [stack:4986]
7fdd2d000000-7fdd2d270000 rwxp 00000000 00:00 0 
7fdd2d270000-7fdd30157000 rw-p 00000000 00:00 0 
7fdd30157000-7fdd34000000 ---p 00000000 00:00 0 
7fdd34062000-7fdd34063000 ---p 00000000 00:00 0 
7fdd34063000-7fdd34b18000 rw-p 00000000 00:00 0                          [stack:4985]
7fdd34b18000-7fdd34ccb000 r--s 01d3d000 08:02 1710224                    /usr/lib/jvm/java-7-openjdk-amd64/jre/lib/rt.jar
7fdd34ccb000-7fdd34f8f000 rw-p 00000000 00:00 0 
7fdd34f8f000-7fdd34f90000 ---p 00000000 00:00 0 
7fdd34f90000-7fdd35090000 rw-p 00000000 00:00 0                          [stack:4983]
7fdd35090000-7fdd35091000 ---p 00000000 00:00 0 
7fdd35091000-7fdd3519c000 rw-p 00000000 00:00 0                          [stack:4982]
7fdd3519c000-7fdd351e4000 rw-p 00000000 00:00 0 
7fdd351e4000-7fdd351f4000 rw-p 00000000 00:00 0 
7fdd351f4000-7fdd352df000 rw-p 00000000 00:00 0 
7fdd352df000-7fdd352ea000 rw-p 00000000 00:00 0 
7fdd352ea000-7fdd35332000 rw-p 00000000 00:00 0 
7fdd35332000-7fdd35342000 rw-p 00000000 00:00 0 
7fdd35342000-7fdd3542c000 rw-p 00000000 00:00 0 
7fdd3542c000-7fdd35435000 rw-p 00000000 00:00 0 
7fdd35435000-7fdd354aa000 rw-p 00000000 00:00 0 
7fdd354aa000-7fdd354ab000 rw-p 00000000 00:00 0 
7fdd354ab000-7fdd354b3000 r-xp 00000000 08:02 1848273                    /usr/lib/jvm/java-7-openjdk-amd64/jre/lib/amd64/libzip.so
7fdd354b3000-7fdd356b2000 ---p 00008000 08:02 1848273                    /usr/lib/jvm/java-7-openjdk-amd64/jre/lib/amd64/libzip.so
7fdd356b2000-7fdd356b3000 r--p 00007000 08:02 1848273                    /usr/lib/jvm/java-7-openjdk-amd64/jre/lib/amd64/libzip.so
7fdd356b3000-7fdd356b4000 rw-p 00008000 08:02 1848273                    /usr/lib/jvm/java-7-openjdk-amd64/jre/lib/amd64/libzip.so
7fdd356b4000-7fdd356be000 r-xp 00000000 08:02 264459                     /lib/x86_64-linux-gnu/libnss_files-2.19.so
7fdd356be000-7fdd358bd000 ---p 0000a000 08:02 264459                     /lib/x86_64-linux-gnu/libnss_files-2.19.so
7fdd358bd000-7fdd358be000 r--p 00009000 08:02 264459                     /lib/x86_64-linux-gnu/libnss_files-2.19.so
7fdd358be000-7fdd358bf000 rw-p 0000a000 08:02 264459                     /lib/x86_64-linux-gnu/libnss_files-2.19.so
7fdd358bf000-7fdd358ca000 r-xp 00000000 08:02 264451                     /lib/x86_64-linux-gnu/libnss_nis-2.19.so
7fdd358ca000-7fdd35ac9000 ---p 0000b000 08:02 264451                     /lib/x86_64-linux-gnu/libnss_nis-2.19.so
7fdd35ac9000-7fdd35aca000 r--p 0000a000 08:02 264451                     /lib/x86_64-linux-gnu/libnss_nis-2.19.so
7fdd35aca000-7fdd35acb000 rw-p 0000b000 08:02 264451                     /lib/x86_64-linux-gnu/libnss_nis-2.19.so
7fdd35acb000-7fdd35ae2000 r-xp 00000000 08:02 264447                     /lib/x86_64-linux-gnu/libnsl-2.19.so
7fdd35ae2000-7fdd35ce1000 ---p 00017000 08:02 264447                     /lib/x86_64-linux-gnu/libnsl-2.19.so
7fdd35ce1000-7fdd35ce2000 r--p 00016000 08:02 264447                     /lib/x86_64-linux-gnu/libnsl-2.19.so
7fdd35ce2000-7fdd35ce3000 rw-p 00017000 08:02 264447                     /lib/x86_64-linux-gnu/libnsl-2.19.so
7fdd35ce3000-7fdd35ce5000 rw-p 00000000 00:00 0 
7fdd35ce5000-7fdd35cee000 r-xp 00000000 08:02 264446                     /lib/x86_64-linux-gnu/libnss_compat-2.19.so
7fdd35cee000-7fdd35eed000 ---p 00009000 08:02 264446                     /lib/x86_64-linux-gnu/libnss_compat-2.19.so
7fdd35eed000-7fdd35eee000 r--p 00008000 08:02 264446                     /lib/x86_64-linux-gnu/libnss_compat-2.19.so
7fdd35eee000-7fdd35eef000 rw-p 00009000 08:02 264446                     /lib/x86_64-linux-gnu/libnss_compat-2.19.so
7fdd35eef000-7fdd36702000 r--p 00000000 08:02 529688                     /usr/lib/locale/locale-archive
7fdd36702000-7fdd36704000 r-xp 00000000 08:02 1848244                    /usr/lib/jvm/java-7-openjdk-amd64/jre/lib/amd64/libnpt.so
7fdd36704000-7fdd36904000 ---p 00002000 08:02 1848244                    /usr/lib/jvm/java-7-openjdk-amd64/jre/lib/amd64/libnpt.so
7fdd36904000-7fdd36905000 r--p 00002000 08:02 1848244                    /usr/lib/jvm/java-7-openjdk-amd64/jre/lib/amd64/libnpt.so
7fdd36905000-7fdd36906000 rw-p 00003000 08:02 1848244                    /usr/lib/jvm/java-7-openjdk-amd64/jre/lib/amd64/libnpt.so
7fdd36906000-7fdd36940000 r-xp 00000000 08:02 1848266                    /usr/lib/jvm/java-7-openjdk-amd64/jre/lib/amd64/libjdwp.so
7fdd36940000-7fdd36b3f000 ---p 0003a000 08:02 1848266                    /usr/lib/jvm/java-7-openjdk-amd64/jre/lib/amd64/libjdwp.so
7fdd36b3f000-7fdd36b40000 r--p 00039000 08:02 1848266                    /usr/lib/jvm/java-7-openjdk-amd64/jre/lib/amd64/libjdwp.so
7fdd36b40000-7fdd36b41000 rw-p 0003a000 08:02 1848266                    /usr/lib/jvm/java-7-openjdk-amd64/jre/lib/amd64/libjdwp.so
7fdd36b41000-7fdd36b6c000 r-xp 00000000 08:02 1848242                    /usr/lib/jvm/java-7-openjdk-amd64/jre/lib/amd64/libjava.so
7fdd36b6c000-7fdd36d6c000 ---p 0002b000 08:02 1848242                    /usr/lib/jvm/java-7-openjdk-amd64/jre/lib/amd64/libjava.so
7fdd36d6c000-7fdd36d6d000 r--p 0002b000 08:02 1848242                    /usr/lib/jvm/java-7-openjdk-amd64/jre/lib/amd64/libjava.so
7fdd36d6d000-7fdd36d6f000 rw-p 0002c000 08:02 1848242                    /usr/lib/jvm/java-7-openjdk-amd64/jre/lib/amd64/libjava.so
7fdd36d6f000-7fdd36d7f000 r-xp 00000000 08:02 1848240                    /usr/lib/jvm/java-7-openjdk-amd64/jre/lib/amd64/libverify.so
7fdd36d7f000-7fdd36f7e000 ---p 00010000 08:02 1848240                    /usr/lib/jvm/java-7-openjdk-amd64/jre/lib/amd64/libverify.so
7fdd36f7e000-7fdd36f80000 r--p 0000f000 08:02 1848240                    /usr/lib/jvm/java-7-openjdk-amd64/jre/lib/amd64/libverify.so
7fdd36f80000-7fdd36f81000 rw-p 00011000 08:02 1848240                    /usr/lib/jvm/java-7-openjdk-amd64/jre/lib/amd64/libverify.so
7fdd36f81000-7fdd36f88000 r-xp 00000000 08:02 264455                     /lib/x86_64-linux-gnu/librt-2.19.so
7fdd36f88000-7fdd37187000 ---p 00007000 08:02 264455                     /lib/x86_64-linux-gnu/librt-2.19.so
7fdd37187000-7fdd37188000 r--p 00006000 08:02 264455                     /lib/x86_64-linux-gnu/librt-2.19.so
7fdd37188000-7fdd37189000 rw-p 00007000 08:02 264455                     /lib/x86_64-linux-gnu/librt-2.19.so
7fdd37189000-7fdd3719f000 r-xp 00000000 08:02 262246                     /lib/x86_64-linux-gnu/libgcc_s.so.1
7fdd3719f000-7fdd3739e000 ---p 00016000 08:02 262246                     /lib/x86_64-linux-gnu/libgcc_s.so.1
7fdd3739e000-7fdd3739f000 rw-p 00015000 08:02 262246                     /lib/x86_64-linux-gnu/libgcc_s.so.1
7fdd3739f000-7fdd374a4000 r-xp 00000000 08:02 264441                     /lib/x86_64-linux-gnu/libm-2.19.so
7fdd374a4000-7fdd376a3000 ---p 00105000 08:02 264441                     /lib/x86_64-linux-gnu/libm-2.19.so
7fdd376a3000-7fdd376a4000 r--p 00104000 08:02 264441                     /lib/x86_64-linux-gnu/libm-2.19.so
7fdd376a4000-7fdd376a5000 rw-p 00105000 08:02 264441                     /lib/x86_64-linux-gnu/libm-2.19.so
7fdd376a5000-7fdd3778b000 r-xp 00000000 08:02 527027                     /usr/lib/x86_64-linux-gnu/libstdc++.so.6.0.19
7fdd3778b000-7fdd3798a000 ---p 000e6000 08:02 527027                     /usr/lib/x86_64-linux-gnu/libstdc++.so.6.0.19
7fdd3798a000-7fdd37992000 r--p 000e5000 08:02 527027                     /usr/lib/x86_64-linux-gnu/libstdc++.so.6.0.19
7fdd37992000-7fdd37994000 rw-p 000ed000 08:02 527027                     /usr/lib/x86_64-linux-gnu/libstdc++.so.6.0.19
7fdd37994000-7fdd379a9000 rw-p 00000000 00:00 0 
7fdd379a9000-7fdd384d4000 r-xp 00000000 08:02 1848247                    /usr/lib/jvm/java-7-openjdk-amd64/jre/lib/amd64/server/libjvm.so
7fdd384d4000-7fdd386d4000 ---p 00b2b000 08:02 1848247                    /usr/lib/jvm/java-7-openjdk-amd64/jre/lib/amd64/server/libjvm.so
7fdd386d4000-7fdd3876e000 r--p 00b2b000 08:02 1848247                    /usr/lib/jvm/java-7-openjdk-amd64/jre/lib/amd64/server/libjvm.so
7fdd3876e000-7fdd38791000 rw-p 00bc5000 08:02 1848247                    /usr/lib/jvm/java-7-openjdk-amd64/jre/lib/amd64/server/libjvm.so
7fdd38791000-7fdd387c0000 rw-p 00000000 00:00 0 
7fdd387c0000-7fdd387d8000 r-xp 00000000 08:02 266416                     /lib/x86_64-linux-gnu/libz.so.1.2.8
7fdd387d8000-7fdd389d7000 ---p 00018000 08:02 266416                     /lib/x86_64-linux-gnu/libz.so.1.2.8
7fdd389d7000-7fdd389d8000 r--p 00017000 08:02 266416                     /lib/x86_64-linux-gnu/libz.so.1.2.8
7fdd389d8000-7fdd389d9000 rw-p 00018000 08:02 266416                     /lib/x86_64-linux-gnu/libz.so.1.2.8
7fdd389d9000-7fdd389f2000 r-xp 00000000 08:02 264448                     /lib/x86_64-linux-gnu/libpthread-2.19.so
7fdd389f2000-7fdd38bf1000 ---p 00019000 08:02 264448                     /lib/x86_64-linux-gnu/libpthread-2.19.so
7fdd38bf1000-7fdd38bf2000 r--p 00018000 08:02 264448                     /lib/x86_64-linux-gnu/libpthread-2.19.so
7fdd38bf2000-7fdd38bf3000 rw-p 00019000 08:02 264448                     /lib/x86_64-linux-gnu/libpthread-2.19.so
7fdd38bf3000-7fdd38bf7000 rw-p 00000000 00:00 0 
7fdd38bf7000-7fdd38bfa000 r-xp 00000000 08:02 264443                     /lib/x86_64-linux-gnu/libdl-2.19.so
7fdd38bfa000-7fdd38df9000 ---p 00003000 08:02 264443                     /lib/x86_64-linux-gnu/libdl-2.19.so
7fdd38df9000-7fdd38dfa000 r--p 00002000 08:02 264443                     /lib/x86_64-linux-gnu/libdl-2.19.so
7fdd38dfa000-7fdd38dfb000 rw-p 00003000 08:02 264443                     /lib/x86_64-linux-gnu/libdl-2.19.so
7fdd38dfb000-7fdd38fb5000 r-xp 00000000 08:02 264456                     /lib/x86_64-linux-gnu/libc-2.19.so
7fdd38fb5000-7fdd391b5000 ---p 001ba000 08:02 264456                     /lib/x86_64-linux-gnu/libc-2.19.so
7fdd391b5000-7fdd391b9000 r--p 001ba000 08:02 264456                     /lib/x86_64-linux-gnu/libc-2.19.so
7fdd391b9000-7fdd391bb000 rw-p 001be000 08:02 264456                     /lib/x86_64-linux-gnu/libc-2.19.so
7fdd391bb000-7fdd391c0000 rw-p 00000000 00:00 0 
7fdd391c0000-7fdd391cd000 r-xp 00000000 08:02 1979419                    /usr/lib/jvm/java-7-openjdk-amd64/jre/lib/amd64/jli/libjli.so
7fdd391cd000-7fdd393cc000 ---p 0000d000 08:02 1979419                    /usr/lib/jvm/java-7-openjdk-amd64/jre/lib/amd64/jli/libjli.so
7fdd393cc000-7fdd393cd000 r--p 0000c000 08:02 1979419                    /usr/lib/jvm/java-7-openjdk-amd64/jre/lib/amd64/jli/libjli.so
7fdd393cd000-7fdd393ce000 rw-p 0000d000 08:02 1979419                    /usr/lib/jvm/java-7-openjdk-amd64/jre/lib/amd64/jli/libjli.so
7fdd393ce000-7fdd393f1000 r-xp 00000000 08:02 264449                     /lib/x86_64-linux-gnu/ld-2.19.so
7fdd393f7000-7fdd393f9000 rw-p 00000000 00:00 0 
7fdd393f9000-7fdd393fd000 r--s 00034000 08:02 2109936                    /usr/lib/jvm/java-7-openjdk-amd64/jre/lib/ext/sunjce_provider.jar
7fdd393fd000-7fdd39400000 r--s 0003d000 08:02 2109933                    /usr/lib/jvm/java-7-openjdk-amd64/jre/lib/ext/sunpkcs11.jar
7fdd39400000-7fdd39404000 r--s 00085000 08:02 2109935                    /usr/lib/jvm/java-7-openjdk-amd64/jre/lib/ext/localedata.jar
7fdd39404000-7fdd39406000 r--s 00006000 08:02 935232                     /usr/share/java/java-atk-wrapper.jar
7fdd39406000-7fdd39407000 r--s 00002000 08:02 2109937                    /usr/lib/jvm/java-7-openjdk-amd64/jre/lib/ext/dnsns.jar
7fdd39407000-7fdd39409000 r--s 00012000 08:02 2109938                    /usr/lib/jvm/java-7-openjdk-amd64/jre/lib/ext/zipfs.jar
7fdd39409000-7fdd3940c000 r--s 0000f000 08:02 2109934                    /usr/lib/jvm/java-7-openjdk-amd64/jre/lib/ext/icedtea-sound.jar
7fdd3940c000-7fdd39416000 rw-p 00000000 00:00 0 
7fdd39416000-7fdd394cc000 rw-p 00000000 00:00 0 
7fdd394cc000-7fdd394cf000 ---p 00000000 00:00 0 
7fdd394cf000-7fdd395e4000 rw-p 00000000 00:00 0                          [stack:4978]
7fdd395e4000-7fdd395ec000 rw-s 00000000 08:02 2767519                    /tmp/hsperfdata_kuba/4974
7fdd395ec000-7fdd395ed000 rw-p 00000000 00:00 0 
7fdd395ed000-7fdd395ee000 r--p 00000000 00:00 0 
7fdd395ee000-7fdd395f0000 rw-p 00000000 00:00 0 
7fdd395f0000-7fdd395f1000 r--p 00022000 08:02 264449                     /lib/x86_64-linux-gnu/ld-2.19.so
7fdd395f1000-7fdd395f2000 rw-p 00023000 08:02 264449                     /lib/x86_64-linux-gnu/ld-2.19.so
7fdd395f2000-7fdd395f3000 rw-p 00000000 00:00 0 
7ffcdbd94000-7ffcdbdb5000 rw-p 00000000 00:00 0                          [stack]
7ffcdbdcf000-7ffcdbdd1000 r-xp 00000000 00:00 0                          [vdso]
ffffffffff600000-ffffffffff601000 r-xp 00000000 00:00 0                  [vsyscall]

VM Arguments:
jvm_args: -agentlib:jdwp=transport=dt_socket,suspend=y,address=localhost:46496 -Dfile.encoding=UTF-8 
java_command: Zadanie1
Launcher Type: SUN_STANDARD

Environment Variables:
PATH=/usr/local/sbin:/usr/local/bin:/usr/sbin:/usr/bin:/sbin:/bin:/usr/games:/usr/local/games
SHELL=/bin/bash
DISPLAY=:0

Signal Handlers:
SIGSEGV: [libjvm.so+0x95b080], sa_mask[0]=0x7ffbfeff, sa_flags=0x10000004
SIGBUS: [libjvm.so+0x95b080], sa_mask[0]=0x7ffbfeff, sa_flags=0x10000004
SIGFPE: [libjvm.so+0x7cf020], sa_mask[0]=0x7ffbfeff, sa_flags=0x10000004
SIGPIPE: [libjvm.so+0x7cf020], sa_mask[0]=0x7ffbfeff, sa_flags=0x10000004
SIGXFSZ: [libjvm.so+0x7cf020], sa_mask[0]=0x7ffbfeff, sa_flags=0x10000004
SIGILL: [libjvm.so+0x7cf020], sa_mask[0]=0x7ffbfeff, sa_flags=0x10000004
SIGUSR1: SIG_DFL, sa_mask[0]=0x00000000, sa_flags=0x00000000
SIGUSR2: [libjvm.so+0x7cf150], sa_mask[0]=0x00000004, sa_flags=0x10000004
SIGHUP: [libjvm.so+0x7cf0a0], sa_mask[0]=0x7ffbfeff, sa_flags=0x10000004
SIGINT: [libjvm.so+0x7cf0a0], sa_mask[0]=0x7ffbfeff, sa_flags=0x10000004
SIGTERM: [libjvm.so+0x7cf0a0], sa_mask[0]=0x7ffbfeff, sa_flags=0x10000004
SIGQUIT: [libjvm.so+0x7cf0a0], sa_mask[0]=0x7ffbfeff, sa_flags=0x10000004
SIGTRAP: SIG_DFL, sa_mask[0]=0x00000000, sa_flags=0x00000000


---------------  S Y S T E M  ---------------

OS:Ubuntu 14.04 (trusty)
uname:Linux 3.13.0-100-generic #147-Ubuntu SMP Tue Oct 18 16:48:51 UTC 2016 x86_64
libc:glibc 2.19 NPTL 2.19 
rlimit: STACK 8192k, CORE 0k, NPROC 23857, NOFILE 4096, AS infinity
load average:4,38 3,46 3,06

/proc/meminfo:
MemTotal:        3075296 kB
MemFree:          104480 kB
Buffers:           43324 kB
Cached:           609560 kB
SwapCached:            0 kB
Active:          2333452 kB
Inactive:         439716 kB
Active(anon):    2056800 kB
Inactive(anon):    85200 kB
Active(file):     276652 kB
Inactive(file):   354516 kB
Unevictable:          48 kB
Mlocked:              48 kB
SwapTotal:       2097148 kB
SwapFree:        2097148 kB
Dirty:              1692 kB
Writeback:             0 kB
AnonPages:       2120232 kB
Mapped:           209492 kB
Shmem:             21816 kB
Slab:              79248 kB
SReclaimable:      40448 kB
SUnreclaim:        38800 kB
KernelStack:        7968 kB
PageTables:        40860 kB
NFS_Unstable:          0 kB
Bounce:                0 kB
WritebackTmp:          0 kB
CommitLimit:     3634796 kB
Committed_AS:    7061060 kB
VmallocTotal:   34359738367 kB
VmallocUsed:      167944 kB
VmallocChunk:   34359528588 kB
HardwareCorrupted:     0 kB
AnonHugePages:   1073152 kB
HugePages_Total:       0
HugePages_Free:        0
HugePages_Rsvd:        0
HugePages_Surp:        0
Hugepagesize:       2048 kB
DirectMap4k:       51072 kB
DirectMap2M:     3094528 kB


CPU:total 2 (2 cores per cpu, 1 threads per core) family 6 model 58 stepping 9, cmov, cx8, fxsr, mmx, sse, sse2, sse3, ssse3, sse4.1, sse4.2, popcnt, avx, erms, tsc, tscinvbit, tscinv

/proc/cpuinfo:
processor	: 0
vendor_id	: GenuineIntel
cpu family	: 6
model		: 58
model name	: Intel(R) Core(TM) i7-3630QM CPU @ 2.40GHz
stepping	: 9
microcode	: 0x1b
cpu MHz		: 2394.573
cache size	: 6144 KB
physical id	: 0
siblings	: 2
core id		: 0
cpu cores	: 2
apicid		: 0
initial apicid	: 0
fpu		: yes
fpu_exception	: yes
cpuid level	: 13
wp		: yes
flags		: fpu vme de pse tsc msr pae mce cx8 apic sep mtrr pge mca cmov pat pse36 clflush dts mmx fxsr sse sse2 ss ht syscall nx rdtscp lm constant_tsc arch_perfmon pebs bts nopl xtopology tsc_reliable nonstop_tsc aperfmperf eagerfpu pni pclmulqdq ssse3 cx16 pcid sse4_1 sse4_2 x2apic popcnt xsave avx f16c rdrand hypervisor lahf_lm ida arat epb xsaveopt pln pts dtherm fsgsbase smep
bogomips	: 4789.14
clflush size	: 64
cache_alignment	: 64
address sizes	: 40 bits physical, 48 bits virtual
power management:

processor	: 1
vendor_id	: GenuineIntel
cpu family	: 6
model		: 58
model name	: Intel(R) Core(TM) i7-3630QM CPU @ 2.40GHz
stepping	: 9
microcode	: 0x1b
cpu MHz		: 2394.573
cache size	: 6144 KB
physical id	: 0
siblings	: 2
core id		: 1
cpu cores	: 2
apicid		: 1
initial apicid	: 1
fpu		: yes
fpu_exception	: yes
cpuid level	: 13
wp		: yes
flags		: fpu vme de pse tsc msr pae mce cx8 apic sep mtrr pge mca cmov pat pse36 clflush dts mmx fxsr sse sse2 ss ht syscall nx rdtscp lm constant_tsc arch_perfmon pebs bts nopl xtopology tsc_reliable nonstop_tsc aperfmperf eagerfpu pni pclmulqdq ssse3 cx16 pcid sse4_1 sse4_2 x2apic popcnt xsave avx f16c rdrand hypervisor lahf_lm ida arat epb xsaveopt pln pts dtherm fsgsbase smep
bogomips	: 4789.14
clflush size	: 64
cache_alignment	: 64
address sizes	: 40 bits physical, 48 bits virtual
power management:



Memory: 4k page, physical 3075296k(104480k free), swap 2097148k(2097148k free)

vm_info: OpenJDK 64-Bit Server VM (24.111-b01) for linux-amd64 JRE (1.7.0_111-b01), built on Aug 12 2016 05:30:29 by "buildd" with gcc 4.8.4

time: Fri Oct 28 13:32:10 2016
elapsed time: 1284 seconds

